#
# There is insufficient memory for the Java Runtime Environment to continue.
# Native memory allocation (malloc) failed to allocate 1194096 bytes for Chunk::new
# Possible reasons:
#   The system is out of physical RAM or swap space
#   The process is running with CompressedOops enabled, and the Java Heap may be blocking the growth of the native heap
# Possible solutions:
#   Reduce memory load on the system
#   Increase physical memory or swap space
#   Check if swap backing store is full
#   Decrease Java heap size (-Xmx/-Xms)
#   Decrease number of Java threads
#   Decrease Java thread stack sizes (-Xss)
#   Set larger code cache with -XX:ReservedCodeCacheSize=
#   JVM is running with Unscaled Compressed Oops mode in which the Java heap is
#     placed in the first 4GB address space. The Java Heap base address is the
#     maximum limit for the native heap growth. Please use -XX:HeapBaseMinAddress
#     to set the Java Heap base and to place the Java Heap above 4GB virtual address.
# This output file may be truncated or incomplete.
#
#  Out of Memory Error (allocation.cpp:389), pid=11596, tid=0x000000000000f380
#
# JRE version: OpenJDK Runtime Environment (8.0_242-b01) (build 1.8.0_242-release-1644-b01)
# Java VM: OpenJDK 64-Bit Server VM (25.242-b01 mixed mode windows-amd64 compressed oops)
# Failed to write core dump. Minidumps are not enabled by default on client versions of Windows
#

---------------  T H R E A D  ---------------

Current thread (0x000000001a44e000):  JavaThread "C2 CompilerThread0" daemon [_thread_in_native, id=62336, stack(0x000000001aca0000,0x000000001ada0000)]

Stack: [0x000000001aca0000,0x000000001ada0000]
[error occurred during error reporting (printing stack bounds), id 0xc0000005]

Native frames: (J=compiled Java code, j=interpreted, Vv=VM code, C=native code)


Current CompileTask:
C2:  16564 10900       4       com.android.tools.r8.ir.conversion.N::a (866 bytes)


---------------  P R O C E S S  ---------------

Java Threads: ( => current thread )
  0x00000000205f8800 JavaThread "WorkerExecutor Queue" [_thread_blocked, id=37740, stack(0x000000002d7c0000,0x000000002d8c0000)]
  0x000000001f582000 JavaThread "Cache worker for execution history cache (C:\android_projects\Main_Project_two0523\.gradle\6.5\executionHistory)" [_thread_blocked, id=42528, stack(0x000000002cfc0000,0x000000002d0c0000)]
  0x000000001f581000 JavaThread "Execution worker for ':' Thread 7" [_thread_blocked, id=59868, stack(0x000000002cec0000,0x000000002cfc0000)]
  0x000000001f580800 JavaThread "Execution worker for ':' Thread 6" [_thread_blocked, id=43548, stack(0x000000002cdc0000,0x000000002cec0000)]
  0x000000001f57f800 JavaThread "Execution worker for ':' Thread 5" [_thread_blocked, id=13632, stack(0x000000002ccc0000,0x000000002cdc0000)]
  0x000000001f578000 JavaThread "Execution worker for ':' Thread 4" [_thread_blocked, id=36928, stack(0x000000002cbc0000,0x000000002ccc0000)]
  0x000000001f57e000 JavaThread "Execution worker for ':' Thread 3" [_thread_blocked, id=41972, stack(0x000000002cac0000,0x000000002cbc0000)]
  0x000000001f57d800 JavaThread "Execution worker for ':' Thread 2" [_thread_blocked, id=61992, stack(0x000000002c380000,0x000000002c480000)]
  0x000000001f57f000 JavaThread "Execution worker for ':'" [_thread_blocked, id=29548, stack(0x000000002c160000,0x000000002c260000)]
  0x000000001f576800 JavaThread "Cache worker for file content cache (C:\android_projects\Main_Project_two0523\.gradle\6.5\fileContent)" [_thread_blocked, id=10660, stack(0x000000002c280000,0x000000002c380000)]
  0x000000001f576000 JavaThread "Memory manager" [_thread_blocked, id=36684, stack(0x000000002c060000,0x000000002c160000)]
  0x000000001f577800 JavaThread "pool-1-thread-1" [_thread_blocked, id=30804, stack(0x0000000029200000,0x0000000029300000)]
  0x000000001f57c800 JavaThread "Cache worker for Build Output Cleanup Cache (C:\android_projects\Main_Project_two0523\.gradle\buildOutputCleanup)" [_thread_blocked, id=58732, stack(0x0000000025c00000,0x0000000025d00000)]
  0x000000001f57b000 JavaThread "jar transforms Thread 92" [_thread_blocked, id=37964, stack(0x000000002af60000,0x000000002b060000)]
  0x000000001f574800 JavaThread "jar transforms Thread 91" [_thread_blocked, id=59892, stack(0x000000002ae60000,0x000000002af60000)]
  0x000000001f57a800 JavaThread "jar transforms Thread 90" [_thread_blocked, id=45500, stack(0x000000002ad60000,0x000000002ae60000)]
  0x000000001f575000 JavaThread "jar transforms Thread 89" [_thread_blocked, id=31948, stack(0x000000002ac60000,0x000000002ad60000)]
  0x000000001f579800 JavaThread "jar transforms Thread 88" [_thread_blocked, id=27136, stack(0x000000002ab60000,0x000000002ac60000)]
  0x000000001f573800 JavaThread "jar transforms Thread 87" [_thread_blocked, id=59804, stack(0x000000002aa60000,0x000000002ab60000)]
  0x000000001f579000 JavaThread "jar transforms Thread 86" [_thread_blocked, id=17336, stack(0x000000002a960000,0x000000002aa60000)]
  0x000000001f573000 JavaThread "jar transforms Thread 85" [_thread_blocked, id=1428, stack(0x000000002a860000,0x000000002a960000)]
  0x0000000020d15800 JavaThread "jar transforms Thread 84" [_thread_blocked, id=11312, stack(0x000000002a760000,0x000000002a860000)]
  0x0000000020d14000 JavaThread "jar transforms Thread 83" [_thread_blocked, id=47156, stack(0x000000002a660000,0x000000002a760000)]
  0x0000000020d13000 JavaThread "jar transforms Thread 82" [_thread_blocked, id=53028, stack(0x000000002a560000,0x000000002a660000)]
  0x0000000020d15000 JavaThread "jar transforms Thread 81" [_thread_blocked, id=21892, stack(0x000000002a460000,0x000000002a560000)]
  0x0000000020d11800 JavaThread "jar transforms Thread 80" [_thread_blocked, id=60432, stack(0x000000002a360000,0x000000002a460000)]
  0x0000000020d12800 JavaThread "jar transforms Thread 79" [_thread_blocked, id=61772, stack(0x000000002a260000,0x000000002a360000)]
  0x0000000020d11000 JavaThread "jar transforms Thread 78" [_thread_blocked, id=30832, stack(0x000000002a160000,0x000000002a260000)]
  0x0000000020d10000 JavaThread "jar transforms Thread 77" [_thread_blocked, id=48832, stack(0x000000002a060000,0x000000002a160000)]
  0x0000000020d08800 JavaThread "jar transforms Thread 76" [_thread_blocked, id=51736, stack(0x0000000029f60000,0x000000002a060000)]
  0x0000000020d0f800 JavaThread "jar transforms Thread 75" [_thread_blocked, id=48124, stack(0x0000000029e60000,0x0000000029f60000)]
  0x0000000020d08000 JavaThread "jar transforms Thread 74" [_thread_blocked, id=49620, stack(0x0000000029d60000,0x0000000029e60000)]
  0x0000000020d0c800 JavaThread "jar transforms Thread 73" [_thread_blocked, id=45748, stack(0x0000000029c60000,0x0000000029d60000)]
  0x0000000020d0b800 JavaThread "jar transforms Thread 72" [_thread_blocked, id=37116, stack(0x0000000029b60000,0x0000000029c60000)]
  0x0000000020d0e800 JavaThread "jar transforms Thread 71" [_thread_blocked, id=47476, stack(0x0000000029a60000,0x0000000029b60000)]
  0x0000000020d0e000 JavaThread "jar transforms Thread 70" [_thread_blocked, id=44224, stack(0x0000000029960000,0x0000000029a60000)]
  0x0000000020d06800 JavaThread "jar transforms Thread 69" [_thread_blocked, id=52916, stack(0x0000000029860000,0x0000000029960000)]
  0x0000000020d09800 JavaThread "jar transforms Thread 68" [_thread_blocked, id=40980, stack(0x0000000029760000,0x0000000029860000)]
  0x0000000020d0a000 JavaThread "jar transforms Thread 67" [_thread_blocked, id=54436, stack(0x0000000029660000,0x0000000029760000)]
  0x0000000020d0b000 JavaThread "jar transforms Thread 66" [_thread_blocked, id=62340, stack(0x0000000029560000,0x0000000029660000)]
  0x0000000020d07000 JavaThread "jar transforms Thread 65" [_thread_blocked, id=31424, stack(0x0000000029460000,0x0000000029560000)]
  0x0000000020d0d000 JavaThread "jar transforms Thread 64" [_thread_blocked, id=132, stack(0x0000000029360000,0x0000000029460000)]
  0x000000001d9bd000 JavaThread "jar transforms Thread 63" [_thread_blocked, id=25412, stack(0x0000000025df0000,0x0000000025ef0000)]
  0x000000001d9bf000 JavaThread "jar transforms Thread 62" [_thread_blocked, id=50260, stack(0x0000000029100000,0x0000000029200000)]
  0x000000001d9be800 JavaThread "jar transforms Thread 61" [_thread_blocked, id=47024, stack(0x0000000029000000,0x0000000029100000)]
  0x000000001d9bc000 JavaThread "jar transforms Thread 60" [_thread_blocked, id=57484, stack(0x0000000028f00000,0x0000000029000000)]
  0x000000001d9c2000 JavaThread "jar transforms Thread 59" [_thread_blocked, id=62836, stack(0x0000000028e00000,0x0000000028f00000)]
  0x000000001d9c0800 JavaThread "jar transforms Thread 58" [_thread_blocked, id=31136, stack(0x0000000028d00000,0x0000000028e00000)]
  0x000000001d9c0000 JavaThread "jar transforms Thread 57" [_thread_blocked, id=57784, stack(0x0000000028c00000,0x0000000028d00000)]
  0x000000001d9bb800 JavaThread "jar transforms Thread 56" [_thread_blocked, id=18104, stack(0x0000000028b00000,0x0000000028c00000)]
  0x000000001d9ba800 JavaThread "jar transforms Thread 55" [_thread_blocked, id=15564, stack(0x0000000028a00000,0x0000000028b00000)]
  0x000000001d9c1800 JavaThread "jar transforms Thread 54" [_thread_blocked, id=59168, stack(0x0000000028900000,0x0000000028a00000)]
  0x000000001d9bd800 JavaThread "jar transforms Thread 53" [_thread_blocked, id=27564, stack(0x0000000028800000,0x0000000028900000)]
  0x000000001d9b3000 JavaThread "jar transforms Thread 52" [_thread_blocked, id=34192, stack(0x0000000028700000,0x0000000028800000)]
  0x000000001d9ba000 JavaThread "jar transforms Thread 51" [_thread_blocked, id=51348, stack(0x0000000028600000,0x0000000028700000)]
  0x000000001d9b4000 JavaThread "jar transforms Thread 50" [_thread_blocked, id=59772, stack(0x0000000028500000,0x0000000028600000)]
  0x000000001d9b8800 JavaThread "jar transforms Thread 49" [_thread_blocked, id=37808, stack(0x0000000028400000,0x0000000028500000)]
  0x000000001d9b7800 JavaThread "jar transforms Thread 48" [_thread_blocked, id=15960, stack(0x0000000028300000,0x0000000028400000)]
  0x000000001d9b9000 JavaThread "jar transforms Thread 47" [_thread_blocked, id=57180, stack(0x0000000028200000,0x0000000028300000)]
  0x000000001d9b7000 JavaThread "jar transforms Thread 46" [_thread_blocked, id=46660, stack(0x0000000028100000,0x0000000028200000)]
  0x000000001d9b5800 JavaThread "jar transforms Thread 45" [_thread_blocked, id=50404, stack(0x0000000028000000,0x0000000028100000)]
  0x000000001d9b4800 JavaThread "jar transforms Thread 44" [_thread_blocked, id=45320, stack(0x0000000027f00000,0x0000000028000000)]
  0x000000001d9b6000 JavaThread "jar transforms Thread 43" [_thread_blocked, id=25396, stack(0x0000000027e00000,0x0000000027f00000)]
  0x000000001baef800 JavaThread "jar transforms Thread 42" [_thread_blocked, id=39732, stack(0x0000000027d00000,0x0000000027e00000)]
  0x000000001bae8000 JavaThread "jar transforms Thread 41" [_thread_blocked, id=55124, stack(0x0000000027c00000,0x0000000027d00000)]
  0x000000001baef000 JavaThread "jar transforms Thread 40" [_thread_blocked, id=33460, stack(0x0000000027b00000,0x0000000027c00000)]
  0x000000001baee000 JavaThread "jar transforms Thread 39" [_thread_blocked, id=17116, stack(0x0000000027a00000,0x0000000027b00000)]
  0x000000001bae9800 JavaThread "jar transforms Thread 38" [_thread_blocked, id=10968, stack(0x0000000027900000,0x0000000027a00000)]
  0x000000001baeb800 JavaThread "jar transforms Thread 37" [_thread_blocked, id=47968, stack(0x0000000027800000,0x0000000027900000)]
  0x000000001baeb000 JavaThread "jar transforms Thread 36" [_thread_blocked, id=27932, stack(0x0000000027700000,0x0000000027800000)]
  0x000000001baec800 JavaThread "jar transforms Thread 35" [_thread_blocked, id=52968, stack(0x0000000027600000,0x0000000027700000)]
  0x000000001baea000 JavaThread "jar transforms Thread 34" [_thread_blocked, id=60520, stack(0x0000000027500000,0x0000000027600000)]
  0x000000001baed000 JavaThread "jar transforms Thread 33" [_thread_blocked, id=40052, stack(0x0000000027400000,0x0000000027500000)]
  0x000000001bae8800 JavaThread "jar transforms Thread 32" [_thread_blocked, id=10944, stack(0x0000000027300000,0x0000000027400000)]
  0x000000001bae0800 JavaThread "jar transforms Thread 31" [_thread_blocked, id=32348, stack(0x0000000027200000,0x0000000027300000)]
  0x000000001bae2800 JavaThread "jar transforms Thread 30" [_thread_blocked, id=35876, stack(0x0000000027100000,0x0000000027200000)]
  0x000000001bae5000 JavaThread "jar transforms Thread 29" [_thread_blocked, id=40528, stack(0x0000000027000000,0x0000000027100000)]
  0x000000001bae7000 JavaThread "jar transforms Thread 28" [_thread_blocked, id=11836, stack(0x0000000026f00000,0x0000000027000000)]
  0x000000001bae5800 JavaThread "jar transforms Thread 27" [_thread_blocked, id=30452, stack(0x0000000026e00000,0x0000000026f00000)]
  0x000000001bae2000 JavaThread "jar transforms Thread 26" [_thread_blocked, id=28608, stack(0x0000000026d00000,0x0000000026e00000)]
  0x000000001bae3800 JavaThread "jar transforms Thread 25" [_thread_blocked, id=45908, stack(0x0000000026c00000,0x0000000026d00000)]
  0x000000001bae4000 JavaThread "jar transforms Thread 24" [_thread_blocked, id=29368, stack(0x0000000026b00000,0x0000000026c00000)]
  0x000000001bae1000 JavaThread "jar transforms Thread 23" [_thread_blocked, id=4112, stack(0x0000000026a00000,0x0000000026b00000)]
  0x000000001bae6800 JavaThread "jar transforms Thread 22" [_thread_blocked, id=14884, stack(0x0000000026900000,0x0000000026a00000)]
  0x000000001c9bf000 JavaThread "jar transforms Thread 21" [_thread_blocked, id=51868, stack(0x0000000026800000,0x0000000026900000)]
  0x000000001c9bf800 JavaThread "jar transforms Thread 20" [_thread_blocked, id=39716, stack(0x0000000026700000,0x0000000026800000)]
  0x000000001c9c0800 JavaThread "jar transforms Thread 19" [_thread_blocked, id=19632, stack(0x0000000026600000,0x0000000026700000)]
  0x000000001c9c5800 JavaThread "jar transforms Thread 18" [_thread_blocked, id=61396, stack(0x0000000026500000,0x0000000026600000)]
  0x000000001c9c3800 JavaThread "jar transforms Thread 17" [_thread_blocked, id=55364, stack(0x0000000026400000,0x0000000026500000)]
  0x000000001c9c1000 JavaThread "jar transforms Thread 16" [_thread_blocked, id=24400, stack(0x0000000026300000,0x0000000026400000)]
  0x000000001c9c4000 JavaThread "jar transforms Thread 15" [_thread_blocked, id=44348, stack(0x0000000026200000,0x0000000026300000)]
  0x000000001c9c2800 JavaThread "jar transforms Thread 14" [_thread_blocked, id=54848, stack(0x0000000026100000,0x0000000026200000)]
  0x000000001c9c5000 JavaThread "jar transforms Thread 13" [_thread_blocked, id=29804, stack(0x0000000026000000,0x0000000026100000)]
  0x000000001c9c2000 JavaThread "jar transforms Thread 12" [_thread_blocked, id=37596, stack(0x0000000025f00000,0x0000000026000000)]
  0x000000001fd5f000 JavaThread "jar transforms Thread 11" [_thread_blocked, id=46724, stack(0x0000000025b00000,0x0000000025c00000)]
  0x000000001fd5e000 JavaThread "jar transforms Thread 10" [_thread_blocked, id=5536, stack(0x0000000025a00000,0x0000000025b00000)]
  0x000000001fd5d800 JavaThread "jar transforms Thread 9" [_thread_blocked, id=57168, stack(0x0000000025900000,0x0000000025a00000)]
  0x000000001fd5c800 JavaThread "jar transforms Thread 8" [_thread_blocked, id=37040, stack(0x0000000025800000,0x0000000025900000)]
  0x000000001fd5c000 JavaThread "jar transforms Thread 7" [_thread_blocked, id=16224, stack(0x0000000025700000,0x0000000025800000)]
  0x000000001fd54800 JavaThread "jar transforms Thread 6" [_thread_blocked, id=10036, stack(0x0000000025600000,0x0000000025700000)]
  0x000000001fd5b000 JavaThread "jar transforms Thread 5" [_thread_blocked, id=34372, stack(0x0000000025500000,0x0000000025600000)]
  0x000000001fd53800 JavaThread "jar transforms Thread 4" [_thread_blocked, id=9416, stack(0x0000000025400000,0x0000000025500000)]
  0x000000001fd5a800 JavaThread "jar transforms Thread 3" [_thread_blocked, id=40684, stack(0x0000000025300000,0x0000000025400000)]
  0x000000001fd59800 JavaThread "jar transforms Thread 2" [_thread_blocked, id=61200, stack(0x0000000025200000,0x0000000025300000)]
  0x000000001fd59000 JavaThread "Build operations Thread 8" [_thread_blocked, id=32588, stack(0x0000000025100000,0x0000000025200000)]
  0x000000001fd51800 JavaThread "Build operations Thread 7" [_thread_blocked, id=46740, stack(0x0000000025000000,0x0000000025100000)]
  0x000000001fd58000 JavaThread "Build operations Thread 6" [_thread_in_Java, id=22136, stack(0x0000000024f00000,0x0000000025000000)]
  0x000000001fd52000 JavaThread "Build operations Thread 5" [_thread_blocked, id=1700, stack(0x0000000024e00000,0x0000000024f00000)]
  0x000000001fd50800 JavaThread "Build operations Thread 4" [_thread_blocked, id=21780, stack(0x0000000024d00000,0x0000000024e00000)]
  0x000000001fd53000 JavaThread "Build operations Thread 3" [_thread_blocked, id=18552, stack(0x0000000024c00000,0x0000000024d00000)]
  0x000000001fd57800 JavaThread "Build operations Thread 2" [_thread_blocked, id=15188, stack(0x0000000024b00000,0x0000000024c00000)]
  0x000000001fd55000 JavaThread "Build operations" [_thread_blocked, id=31944, stack(0x0000000024a00000,0x0000000024b00000)]
  0x000000001d118800 JavaThread "Cache worker for file content cache (C:\Users\ÍπÄÌÉúÌò∏\.gradle\caches\6.5\fileContent)" [_thread_blocked, id=41160, stack(0x0000000023330000,0x0000000023430000)]
  0x000000001d117800 JavaThread "jar transforms" [_thread_blocked, id=20108, stack(0x0000000023230000,0x0000000023330000)]
  0x000000001d117000 JavaThread "Cache worker for execution history cache (C:\Users\ÍπÄÌÉúÌò∏\.gradle\caches\6.5\executionHistory)" [_thread_blocked, id=42596, stack(0x00000000216d0000,0x00000000217d0000)]
  0x000000001d116000 JavaThread "Cache worker for cache directory md-rule (C:\Users\ÍπÄÌÉúÌò∏\.gradle\caches\6.5\md-rule)" [_thread_blocked, id=23288, stack(0x00000000215d0000,0x00000000216d0000)]
  0x000000001d114800 JavaThread "Cache worker for cache directory md-supplier (C:\Users\ÍπÄÌÉúÌò∏\.gradle\caches\6.5\md-supplier)" [_thread_blocked, id=12040, stack(0x00000000214d0000,0x00000000215d0000)]
  0x000000001d114000 JavaThread "Cache worker for checksums cache (C:\android_projects\Main_Project_two0523\.gradle\checksums)" [_thread_blocked, id=12992, stack(0x00000000213d0000,0x00000000214d0000)]
  0x000000001d113000 JavaThread "Cache worker for file hash cache (C:\android_projects\Main_Project_two0523\.gradle\6.5\fileHashes)" [_thread_blocked, id=62308, stack(0x00000000202f0000,0x00000000203f0000)]
  0x000000001d11a000 JavaThread "Cache worker for file hash cache (C:\Users\ÍπÄÌÉúÌò∏\.gradle\caches\6.5\fileHashes)" [_thread_blocked, id=28432, stack(0x000000001f020000,0x000000001f120000)]
  0x000000001d115800 JavaThread "File lock request listener" [_thread_in_native, id=55380, stack(0x000000001ef20000,0x000000001f020000)]
  0x000000001c0a3800 JavaThread "Cache worker for journal cache (C:\Users\ÍπÄÌÉúÌò∏\.gradle\caches\journal-1)" [_thread_blocked, id=55916, stack(0x000000001ee20000,0x000000001ef20000)]
  0x000000001bc40000 JavaThread "Thread-9" [_thread_blocked, id=36620, stack(0x000000001eb20000,0x000000001ec20000)]
  0x000000001cf40800 JavaThread "Stdin handler" [_thread_blocked, id=59700, stack(0x000000001ea20000,0x000000001eb20000)]
  0x000000001cf3f800 JavaThread "Asynchronous log dispatcher for DefaultDaemonConnection: socket connection from /127.0.0.1:49865 to /127.0.0.1:49866" [_thread_blocked, id=57516, stack(0x000000001e920000,0x000000001ea20000)]
  0x000000001b572800 JavaThread "Daemon worker" [_thread_blocked, id=39568, stack(0x000000001e820000,0x000000001e920000)]
  0x000000001cfa3800 JavaThread "Cancel handler" [_thread_blocked, id=44840, stack(0x000000001e620000,0x000000001e720000)]
  0x000000001cf00800 JavaThread "Handler for socket connection from /127.0.0.1:49865 to /127.0.0.1:49866" [_thread_in_native, id=34364, stack(0x000000001e520000,0x000000001e620000)]
  0x000000001cfa7000 JavaThread "Daemon" [_thread_blocked, id=47164, stack(0x000000001e420000,0x000000001e520000)]
  0x000000001cf26000 JavaThread "Daemon periodic checks" [_thread_blocked, id=39828, stack(0x000000001e120000,0x000000001e220000)]
  0x000000001cef0000 JavaThread "Incoming local TCP Connector on port 49865" [_thread_in_native, id=37976, stack(0x000000001df40000,0x000000001e040000)]
  0x000000001cb4d800 JavaThread "Daemon health stats" [_thread_blocked, id=42764, stack(0x000000001dc40000,0x000000001dd40000)]
  0x000000001a532800 JavaThread "Service Thread" daemon [_thread_blocked, id=10552, stack(0x000000001b0a0000,0x000000001b1a0000)]
  0x000000001a4ab000 JavaThread "C1 CompilerThread3" daemon [_thread_blocked, id=42844, stack(0x000000001afa0000,0x000000001b0a0000)]
  0x0000000018659000 JavaThread "C2 CompilerThread2" daemon [_thread_in_native, id=11048, stack(0x000000001aea0000,0x000000001afa0000)]
  0x000000001a451000 JavaThread "C2 CompilerThread1" daemon [_thread_in_native, id=55076, stack(0x000000001ada0000,0x000000001aea0000)]
=>0x000000001a44e000 JavaThread "C2 CompilerThread0" daemon [_thread_in_native, id=62336, stack(0x000000001aca0000,0x000000001ada0000)]
  0x000000001a4a8800 JavaThread "Attach Listener" daemon [_thread_blocked, id=35360, stack(0x000000001aba0000,0x000000001aca0000)]
  0x000000001a4a7000 JavaThread "Signal Dispatcher" daemon [_thread_blocked, id=39648, stack(0x000000001aaa0000,0x000000001aba0000)]
  0x00000000035de000 JavaThread "Finalizer" daemon [_thread_blocked, id=61220, stack(0x000000001a910000,0x000000001aa10000)]
  0x00000000035d7000 JavaThread "Reference Handler" daemon [_thread_blocked, id=6332, stack(0x000000001a810000,0x000000001a910000)]
  0x00000000034e2800 JavaThread "main" [_thread_blocked, id=45136, stack(0x00000000033e0000,0x00000000034e0000)]

Other Threads:
  0x0000000018646800 VMThread [stack: 0x000000001a310000,0x000000001a410000] [id=20472]
  0x000000001a533000 WatcherThread [stack: 0x000000001b1a0000,0x000000001b2a0000] [id=33760]

VM state:not at safepoint (normal execution)

VM Mutex/Monitor currently owned by a thread: None

heap address: 0x0000000080000000, size: 2048 MB, Compressed Oops mode: 32-bit
Narrow klass base: 0x0000000000000000, Narrow klass shift: 3
Compressed class space size: 1073741824 Address: 0x0000000100000000

Heap:
 PSYoungGen      total 312832K, used 191144K [0x00000000d5580000, 0x00000000eb380000, 0x0000000100000000)
  eden space 289280K, 57% used [0x00000000d5580000,0x00000000df92b3a8,0x00000000e7000000)
  from space 23552K, 99% used [0x00000000e9000000,0x00000000ea6fedb0,0x00000000ea700000)
  to   space 32768K, 0% used [0x00000000e7000000,0x00000000e7000000,0x00000000e9000000)
 ParOldGen       total 102912K, used 46847K [0x0000000080000000, 0x0000000086480000, 0x00000000d5580000)
  object space 102912K, 45% used [0x0000000080000000,0x0000000082dbff30,0x0000000086480000)
 Metaspace       used 76233K, capacity 80122K, committed 80344K, reserved 1118208K
  class space    used 10444K, capacity 11212K, committed 11264K, reserved 1048576K

Card table byte_map: [0x00000000129a0000,0x0000000012db0000] byte_map_base: 0x00000000125a0000

Marking Bits: (ParMarkBitMap*) 0x000000006344f030
 Begin Bits: [0x0000000013860000, 0x0000000015860000)
 End Bits:   [0x0000000015860000, 0x0000000017860000)

Polling page: 0x00000000017c0000

CodeCache: size=245760Kb used=32564Kb max_used=32564Kb free=213195Kb
 bounds [0x00000000035e0000, 0x00000000055d0000, 0x00000000125e0000]
 total_blobs=10676 nmethods=9858 adapters=728
 compilation: enabled

Compilation events (10 events):
Event: 16.519 Thread 0x000000001a4ab000 nmethod 10950 0x00000000055c2450 code [0x00000000055c2660, 0x00000000055c2f08]
Event: 16.519 Thread 0x000000001a4ab000 10951       2       com.android.tools.r8.ir.conversion.N::a (72 bytes)
Event: 16.521 Thread 0x000000001a4ab000 nmethod 10951 0x00000000055c3790 code [0x00000000055c3980, 0x00000000055c3f78]
Event: 16.521 Thread 0x000000001a4ab000 10952       2       com.android.tools.r8.utils.l0::a (13 bytes)
Event: 16.521 Thread 0x000000001a4ab000 nmethod 10952 0x00000000055c4650 code [0x00000000055c47a0, 0x00000000055c4910]
Event: 16.526 Thread 0x000000001a4ab000 10953       2       com.android.tools.r8.graph.O0::b (155 bytes)
Event: 16.527 Thread 0x000000001a4ab000 nmethod 10953 0x00000000055c4990 code [0x00000000055c4b40, 0x00000000055c5058]
Event: 16.552 Thread 0x000000001a4ab000 10954       2       com.android.tools.r8.t.a.a.a.h.f0::get (115 bytes)
Event: 16.553 Thread 0x000000001a4ab000 nmethod 10954 0x00000000055c5290 code [0x00000000055c5440, 0x00000000055c5808]
Event: 16.553 Thread 0x000000001a4ab000 10955       1       com.android.tools.r8.s.b.x::o2 (2 bytes)

GC Heap History (10 events):
Event: 7.818 GC heap before
{Heap before GC invocations=13 (full 2):
 PSYoungGen      total 184832K, used 184607K [0x00000000d5580000, 0x00000000e2680000, 0x0000000100000000)
  eden space 176640K, 100% used [0x00000000d5580000,0x00000000e0200000,0x00000000e0200000)
  from space 8192K, 97% used [0x00000000e1e80000,0x00000000e2647ce0,0x00000000e2680000)
  to   space 12800K, 0% used [0x00000000e0d80000,0x00000000e0d80000,0x00000000e1a00000)
 ParOldGen       total 67584K, used 17730K [0x0000000080000000, 0x0000000084200000, 0x00000000d5580000)
  object space 67584K, 26% used [0x0000000080000000,0x00000000811508f8,0x0000000084200000)
 Metaspace       used 54859K, capacity 57204K, committed 57432K, reserved 1099776K
  class space    used 7478K, capacity 7989K, committed 8064K, reserved 1048576K
Event: 7.847 GC heap after
Heap after GC invocations=13 (full 2):
 PSYoungGen      total 201216K, used 12789K [0x00000000d5580000, 0x00000000e6700000, 0x0000000100000000)
  eden space 188416K, 0% used [0x00000000d5580000,0x00000000d5580000,0x00000000e0d80000)
  from space 12800K, 99% used [0x00000000e0d80000,0x00000000e19fd6b0,0x00000000e1a00000)
  to   space 19968K, 0% used [0x00000000e5380000,0x00000000e5380000,0x00000000e6700000)
 ParOldGen       total 67584K, used 32776K [0x0000000080000000, 0x0000000084200000, 0x00000000d5580000)
  object space 67584K, 48% used [0x0000000080000000,0x0000000082002200,0x0000000084200000)
 Metaspace       used 54859K, capacity 57204K, committed 57432K, reserved 1099776K
  class space    used 7478K, capacity 7989K, committed 8064K, reserved 1048576K
}
Event: 8.237 GC heap before
{Heap before GC invocations=14 (full 2):
 PSYoungGen      total 201216K, used 38850K [0x00000000d5580000, 0x00000000e6700000, 0x0000000100000000)
  eden space 188416K, 13% used [0x00000000d5580000,0x00000000d6ef3408,0x00000000e0d80000)
  from space 12800K, 99% used [0x00000000e0d80000,0x00000000e19fd6b0,0x00000000e1a00000)
  to   space 19968K, 0% used [0x00000000e5380000,0x00000000e5380000,0x00000000e6700000)
 ParOldGen       total 67584K, used 32776K [0x0000000080000000, 0x0000000084200000, 0x00000000d5580000)
  object space 67584K, 48% used [0x0000000080000000,0x0000000082002200,0x0000000084200000)
 Metaspace       used 56424K, capacity 58814K, committed 58968K, reserved 1099776K
  class space    used 7725K, capacity 8218K, committed 8320K, reserved 1048576K
Event: 8.255 GC heap after
Heap after GC invocations=14 (full 2):
 PSYoungGen      total 260096K, used 2247K [0x00000000d5580000, 0x00000000e7680000, 0x0000000100000000)
  eden space 240128K, 0% used [0x00000000d5580000,0x00000000d5580000,0x00000000e4000000)
  from space 19968K, 11% used [0x00000000e5380000,0x00000000e55b1f38,0x00000000e6700000)
  to   space 19968K, 0% used [0x00000000e4000000,0x00000000e4000000,0x00000000e5380000)
 ParOldGen       total 67584K, used 43665K [0x0000000080000000, 0x0000000084200000, 0x00000000d5580000)
  object space 67584K, 64% used [0x0000000080000000,0x0000000082aa4558,0x0000000084200000)
 Metaspace       used 56424K, capacity 58814K, committed 58968K, reserved 1099776K
  class space    used 7725K, capacity 8218K, committed 8320K, reserved 1048576K
}
Event: 8.255 GC heap before
{Heap before GC invocations=15 (full 3):
 PSYoungGen      total 260096K, used 2247K [0x00000000d5580000, 0x00000000e7680000, 0x0000000100000000)
  eden space 240128K, 0% used [0x00000000d5580000,0x00000000d5580000,0x00000000e4000000)
  from space 19968K, 11% used [0x00000000e5380000,0x00000000e55b1f38,0x00000000e6700000)
  to   space 19968K, 0% used [0x00000000e4000000,0x00000000e4000000,0x00000000e5380000)
 ParOldGen       total 67584K, used 43665K [0x0000000080000000, 0x0000000084200000, 0x00000000d5580000)
  object space 67584K, 64% used [0x0000000080000000,0x0000000082aa4558,0x0000000084200000)
 Metaspace       used 56424K, capacity 58814K, committed 58968K, reserved 1099776K
  class space    used 7725K, capacity 8218K, committed 8320K, reserved 1048576K
Event: 8.599 GC heap after
Heap after GC invocations=15 (full 3):
 PSYoungGen      total 260096K, used 0K [0x00000000d5580000, 0x00000000e7680000, 0x0000000100000000)
  eden space 240128K, 0% used [0x00000000d5580000,0x00000000d5580000,0x00000000e4000000)
  from space 19968K, 0% used [0x00000000e5380000,0x00000000e5380000,0x00000000e6700000)
  to   space 19968K, 0% used [0x00000000e4000000,0x00000000e4000000,0x00000000e5380000)
 ParOldGen       total 102912K, used 30357K [0x0000000080000000, 0x0000000086480000, 0x00000000d5580000)
  object space 102912K, 29% used [0x0000000080000000,0x0000000081da5548,0x0000000086480000)
 Metaspace       used 56376K, capacity 58652K, committed 58968K, reserved 1099776K
  class space    used 7710K, capacity 8191K, committed 8320K, reserved 1048576K
}
Event: 11.848 GC heap before
{Heap before GC invocations=16 (full 3):
 PSYoungGen      total 260096K, used 240128K [0x00000000d5580000, 0x00000000e7680000, 0x0000000100000000)
  eden space 240128K, 100% used [0x00000000d5580000,0x00000000e4000000,0x00000000e4000000)
  from space 19968K, 0% used [0x00000000e5380000,0x00000000e5380000,0x00000000e6700000)
  to   space 19968K, 0% used [0x00000000e4000000,0x00000000e4000000,0x00000000e5380000)
 ParOldGen       total 102912K, used 30357K [0x0000000080000000, 0x0000000086480000, 0x00000000d5580000)
  object space 102912K, 29% used [0x0000000080000000,0x0000000081da5548,0x0000000086480000)
 Metaspace       used 66608K, capacity 69782K, committed 69976K, reserved 1110016K
  class space    used 9171K, capacity 9782K, committed 9856K, reserved 1048576K
Event: 11.874 GC heap after
Heap after GC invocations=16 (full 3):
 PSYoungGen      total 260096K, used 19952K [0x00000000d5580000, 0x00000000ea700000, 0x0000000100000000)
  eden space 240128K, 0% used [0x00000000d5580000,0x00000000d5580000,0x00000000e4000000)
  from space 19968K, 99% used [0x00000000e4000000,0x00000000e537c160,0x00000000e5380000)
  to   space 23552K, 0% used [0x00000000e9000000,0x00000000e9000000,0x00000000ea700000)
 ParOldGen       total 102912K, used 32099K [0x0000000080000000, 0x0000000086480000, 0x00000000d5580000)
  object space 102912K, 31% used [0x0000000080000000,0x0000000081f58cb8,0x0000000086480000)
 Metaspace       used 66608K, capacity 69782K, committed 69976K, reserved 1110016K
  class space    used 9171K, capacity 9782K, committed 9856K, reserved 1048576K
}
Event: 15.102 GC heap before
{Heap before GC invocations=17 (full 3):
 PSYoungGen      total 260096K, used 260080K [0x00000000d5580000, 0x00000000ea700000, 0x0000000100000000)
  eden space 240128K, 100% used [0x00000000d5580000,0x00000000e4000000,0x00000000e4000000)
  from space 19968K, 99% used [0x00000000e4000000,0x00000000e537c160,0x00000000e5380000)
  to   space 23552K, 0% used [0x00000000e9000000,0x00000000e9000000,0x00000000ea700000)
 ParOldGen       total 102912K, used 32099K [0x0000000080000000, 0x0000000086480000, 0x00000000d5580000)
  object space 102912K, 31% used [0x0000000080000000,0x0000000081f58cb8,0x0000000086480000)
 Metaspace       used 75957K, capacity 79788K, committed 80088K, reserved 1118208K
  class space    used 10421K, capacity 11173K, committed 11264K, reserved 1048576K
Event: 15.142 GC heap after
Heap after GC invocations=17 (full 3):
 PSYoungGen      total 312832K, used 23547K [0x00000000d5580000, 0x00000000eb380000, 0x0000000100000000)
  eden space 289280K, 0% used [0x00000000d5580000,0x00000000d5580000,0x00000000e7000000)
  from space 23552K, 99% used [0x00000000e9000000,0x00000000ea6fedb0,0x00000000ea700000)
  to   space 32768K, 0% used [0x00000000e7000000,0x00000000e7000000,0x00000000e9000000)
 ParOldGen       total 102912K, used 46847K [0x0000000080000000, 0x0000000086480000, 0x00000000d5580000)
  object space 102912K, 45% used [0x0000000080000000,0x0000000082dbff30,0x0000000086480000)
 Metaspace       used 75957K, capacity 79788K, committed 80088K, reserved 1118208K
  class space    used 10421K, capacity 11173K, committed 11264K, reserved 1048576K
}

Deoptimization events (10 events):
Event: 14.721 Thread 0x000000001fd58000 Uncommon trap: reason=class_check action=maybe_recompile pc=0x00000000051ed58c method=com.android.tools.r8.s.a.h.e.b(Lcom/android/tools/r8/s/b/k0;)V @ 142
Event: 15.192 Thread 0x000000001fd58000 Uncommon trap: reason=unstable_if action=reinterpret pc=0x00000000054cb4c8 method=com.android.tools.r8.t.a.a.a.f.X.a(ILjava/lang/Object;)Ljava/lang/Object; @ 8
Event: 16.096 Thread 0x000000001fd58000 Uncommon trap: reason=class_check action=maybe_recompile pc=0x00000000054a4c00 method=com.android.tools.r8.s.b.o.c(Lcom/android/tools/r8/s/b/o;)Z @ 29
Event: 16.096 Thread 0x000000001fd58000 Uncommon trap: reason=class_check action=maybe_recompile pc=0x00000000054a4c00 method=com.android.tools.r8.s.b.o.c(Lcom/android/tools/r8/s/b/o;)Z @ 29
Event: 16.096 Thread 0x000000001fd58000 Uncommon trap: reason=class_check action=maybe_recompile pc=0x00000000054a4c00 method=com.android.tools.r8.s.b.o.c(Lcom/android/tools/r8/s/b/o;)Z @ 29
Event: 16.096 Thread 0x000000001fd58000 Uncommon trap: reason=class_check action=maybe_recompile pc=0x00000000054a4c00 method=com.android.tools.r8.s.b.o.c(Lcom/android/tools/r8/s/b/o;)Z @ 29
Event: 16.114 Thread 0x000000001fd58000 Uncommon trap: reason=class_check action=maybe_recompile pc=0x00000000054b0e40 method=com.android.tools.r8.s.a.h.e.b(Lcom/android/tools/r8/s/b/k0;)V @ 244
Event: 16.129 Thread 0x000000001fd58000 Uncommon trap: reason=unstable_if action=reinterpret pc=0x0000000004cbf7c8 method=com.android.tools.r8.utils.T.d(Ljava/lang/String;)[Ljava/lang/String; @ 149
Event: 16.151 Thread 0x000000001fd58000 Uncommon trap: reason=unstable_if action=reinterpret pc=0x0000000003ff3410 method=java.util.HashMap.getNode(ILjava/lang/Object;)Ljava/util/HashMap$Node; @ 84
Event: 16.391 Thread 0x000000001fd58000 Uncommon trap: reason=predicate action=maybe_recompile pc=0x000000000559a1c4 method=com.android.tools.r8.s.b.U0.a(Lcom/android/tools/r8/ir/conversion/N;Ljava/util/Set;)Z @ 348

Classes redefined (0 events):
No events

Internal exceptions (10 events):
Event: 12.121 Thread 0x000000001fd51800 Implicit null exception at 0x0000000004b8b2c0 to 0x0000000004b8ba51
Event: 12.121 Thread 0x000000001fd59000 Implicit null exception at 0x0000000004b8b2c0 to 0x0000000004b8ba51
Event: 12.225 Thread 0x000000001fd58000 Exception <a 'java/lang/NoSuchMethodError': java.lang.Object.lambda$static$0(Ljava/lang/String;)Z> (0x00000000d7e14e90) thrown at [C:\src\AOSP-openjdk-git\hotspot\src\share\vm\interpreter\linkResolver.cpp, line 620]
Event: 12.460 Thread 0x000000001fd58000 Exception <a 'sun/nio/fs/WindowsException'> (0x00000000d96c6ec0) thrown at [C:\src\AOSP-openjdk-git\hotspot\src\share\vm\prims\jni.cpp, line 710]
Event: 12.874 Thread 0x000000001fd58000 Exception <a 'java/lang/IncompatibleClassChangeError': Found class java.lang.Object, but interface was expected> (0x00000000dc06eab8) thrown at [C:\src\AOSP-openjdk-git\hotspot\src\share\vm\interpreter\linkResolver.cpp, line 653]
Event: 12.885 Thread 0x000000001fd58000 Implicit null exception at 0x0000000004ce4efb to 0x0000000004ce5af5
Event: 12.886 Thread 0x000000001fd58000 Implicit null exception at 0x0000000004ce4efb to 0x0000000004ce5af5
Event: 13.205 Thread 0x000000001f576000 Exception <a 'java/lang/NoSuchMethodError': java.lang.Object.lambda$comparingInt$7b0bb60$1(Ljava/util/function/ToIntFunction;Ljava/lang/Object;Ljava/lang/Object;)I> (0x00000000dd1f73d0) thrown at [C:\src\AOSP-openjdk-git\hotspot\src\share\vm\interpreter\l
Event: 13.208 Thread 0x000000001fd58000 Exception <a 'java/lang/NoSuchMethodError': java.lang.Object.b(Lcom/android/tools/r8/graph/p1$b;)Lcom/android/tools/r8/graph/p1$b;> (0x00000000dd2151c8) thrown at [C:\src\AOSP-openjdk-git\hotspot\src\share\vm\interpreter\linkResolver.cpp, line 620]
Event: 13.264 Thread 0x000000001fd58000 Exception <a 'java/lang/NoSuchMethodError': java.lang.Object.lambda$maxBy$1(Ljava/util/Comparator;Ljava/lang/Object;Ljava/lang/Object;)Ljava/lang/Object;> (0x00000000dd467d40) thrown at [C:\src\AOSP-openjdk-git\hotspot\src\share\vm\interpreter\linkResolve

Events (10 events):
Event: 16.434 Thread 0x000000001fd58000 DEOPT PACKING pc=0x0000000004ff2e44 sp=0x0000000024ff98a0
Event: 16.435 Thread 0x000000001fd58000 DEOPT UNPACKING pc=0x00000000036275d0 sp=0x0000000024ff98f0 mode 0
Event: 16.438 loading class com/android/tools/r8/s/b/M0
Event: 16.438 loading class com/android/tools/r8/s/b/M0 done
Event: 16.438 loading class com/android/tools/r8/s/b/k0
Event: 16.438 loading class com/android/tools/r8/s/b/k0 done
Event: 16.438 loading class com/android/tools/r8/s/b/M0
Event: 16.438 loading class com/android/tools/r8/s/b/M0 done
Event: 16.452 Thread 0x000000001fd58000 DEOPT PACKING pc=0x0000000004ff2e44 sp=0x0000000024ff98a0
Event: 16.452 Thread 0x000000001fd58000 DEOPT UNPACKING pc=0x00000000036275d0 sp=0x0000000024ff98f0 mode 0


Dynamic libraries:
0x00007ff61f4a0000 - 0x00007ff61f4d1000 	C:\Program Files\Android\Android Studio1\jre\bin\java.exe
0x00007ffaffe50000 - 0x00007ffb00045000 	C:\WINDOWS\SYSTEM32\ntdll.dll
0x00007ffafe640000 - 0x00007ffafe6fd000 	C:\WINDOWS\System32\KERNEL32.DLL
0x00007ffafda80000 - 0x00007ffafdd48000 	C:\WINDOWS\System32\KERNELBASE.dll
0x00007ffafefe0000 - 0x00007ffaff08c000 	C:\WINDOWS\System32\ADVAPI32.dll
0x00007ffafe570000 - 0x00007ffafe60e000 	C:\WINDOWS\System32\msvcrt.dll
0x00007ffaff430000 - 0x00007ffaff4cb000 	C:\WINDOWS\System32\sechost.dll
0x00007ffafe440000 - 0x00007ffafe56b000 	C:\WINDOWS\System32\RPCRT4.dll
0x00007ffaff4d0000 - 0x00007ffaff670000 	C:\WINDOWS\System32\USER32.dll
0x00007ffafd7e0000 - 0x00007ffafd802000 	C:\WINDOWS\System32\win32u.dll
0x00007ffafe610000 - 0x00007ffafe63a000 	C:\WINDOWS\System32\GDI32.dll
0x00007ffafd870000 - 0x00007ffafd97b000 	C:\WINDOWS\System32\gdi32full.dll
0x00007ffafd590000 - 0x00007ffafd62d000 	C:\WINDOWS\System32\msvcp_win.dll
0x00007ffafd980000 - 0x00007ffafda80000 	C:\WINDOWS\System32\ucrtbase.dll
0x00007ffad8fe0000 - 0x00007ffad927a000 	C:\WINDOWS\WinSxS\amd64_microsoft.windows.common-controls_6595b64144ccf1df_6.0.19041.844_none_ca00b6081b84eb1d\COMCTL32.dll
0x00007ffaff130000 - 0x00007ffaff160000 	C:\WINDOWS\System32\IMM32.DLL
0x000000005b6b0000 - 0x000000005b782000 	C:\Program Files\Android\Android Studio1\jre\jre\bin\msvcr100.dll
0x0000000062c80000 - 0x00000000634cb000 	C:\Program Files\Android\Android Studio1\jre\jre\bin\server\jvm.dll
0x00007ffaff2f0000 - 0x00007ffaff2f8000 	C:\WINDOWS\System32\PSAPI.DLL
0x00007ffad9320000 - 0x00007ffad9329000 	C:\WINDOWS\SYSTEM32\WSOCK32.dll
0x00007ffaf08b0000 - 0x00007ffaf08ba000 	C:\WINDOWS\SYSTEM32\VERSION.dll
0x00007ffafe320000 - 0x00007ffafe38b000 	C:\WINDOWS\System32\WS2_32.dll
0x00007ffae81d0000 - 0x00007ffae81f7000 	C:\WINDOWS\SYSTEM32\WINMM.dll
0x00007ffaf3df0000 - 0x00007ffaf3dff000 	C:\Program Files\Android\Android Studio1\jre\jre\bin\verify.dll
0x00007ffaf3dc0000 - 0x00007ffaf3de9000 	C:\Program Files\Android\Android Studio1\jre\jre\bin\java.dll
0x00007ffaf3cd0000 - 0x00007ffaf3ce6000 	C:\Program Files\Android\Android Studio1\jre\jre\bin\zip.dll
0x00007ffafe760000 - 0x00007ffafeea2000 	C:\WINDOWS\System32\SHELL32.dll
0x00007ffafb240000 - 0x00007ffafb9d0000 	C:\WINDOWS\SYSTEM32\windows.storage.dll
0x00007ffaff820000 - 0x00007ffaffb75000 	C:\WINDOWS\System32\combase.dll
0x00007ffafd000000 - 0x00007ffafd02c000 	C:\WINDOWS\SYSTEM32\Wldp.dll
0x00007ffaff710000 - 0x00007ffaff7be000 	C:\WINDOWS\System32\SHCORE.dll
0x00007ffafe700000 - 0x00007ffafe755000 	C:\WINDOWS\System32\shlwapi.dll
0x00007ffafd4d0000 - 0x00007ffafd4ef000 	C:\WINDOWS\SYSTEM32\profapi.dll
0x00007ffaef710000 - 0x00007ffaef72a000 	C:\Program Files\Android\Android Studio1\jre\jre\bin\net.dll
0x00007ffafcd70000 - 0x00007ffafcdda000 	C:\WINDOWS\system32\mswsock.dll
0x00007ffaef6b0000 - 0x00007ffaef6c3000 	C:\Program Files\Android\Android Studio1\jre\jre\bin\nio.dll
0x00007ffae21a0000 - 0x00007ffae21c7000 	C:\Users\±Ë≈¬»£\.gradle\native\f6784746aeab05261644944871eae4fe03e0ef1612fff0a4a95f87b438bc6780\windows-amd64\native-platform.dll
0x00007ffaf3db0000 - 0x00007ffaf3dbd000 	C:\Program Files\Android\Android Studio1\jre\jre\bin\management.dll
0x00007ffafcf40000 - 0x00007ffafcf58000 	C:\WINDOWS\SYSTEM32\CRYPTSP.dll
0x00007ffafc6a0000 - 0x00007ffafc6d4000 	C:\WINDOWS\system32\rsaenh.dll
0x00007ffafd7b0000 - 0x00007ffafd7d7000 	C:\WINDOWS\System32\bcrypt.dll
0x00007ffafd450000 - 0x00007ffafd47e000 	C:\WINDOWS\SYSTEM32\USERENV.dll
0x00007ffafd630000 - 0x00007ffafd6b0000 	C:\WINDOWS\System32\bcryptprimitives.dll
0x00007ffafcf60000 - 0x00007ffafcf6c000 	C:\WINDOWS\SYSTEM32\CRYPTBASE.dll
0x00007ffafca10000 - 0x00007ffafca4b000 	C:\WINDOWS\SYSTEM32\IPHLPAPI.DLL
0x00007ffaff280000 - 0x00007ffaff288000 	C:\WINDOWS\System32\NSI.dll
0x00007ffaf3530000 - 0x00007ffaf3547000 	C:\WINDOWS\SYSTEM32\dhcpcsvc6.DLL
0x00007ffaf3510000 - 0x00007ffaf352d000 	C:\WINDOWS\SYSTEM32\dhcpcsvc.DLL
0x00007ffafca50000 - 0x00007ffafcb1c000 	C:\WINDOWS\SYSTEM32\DNSAPI.dll
0x00007ffaf4990000 - 0x00007ffaf499b000 	C:\WINDOWS\SYSTEM32\WINNSI.DLL

VM Arguments:
jvm_args: -Xmx2048m -Dfile.encoding=UTF-8 -Duser.country=KR -Duser.language=ko -Duser.variant 
java_command: org.gradle.launcher.daemon.bootstrap.GradleDaemon 6.5
java_class_path (initial): C:\Users\±Ë≈¬»£\.gradle\wrapper\dists\gradle-6.5-all\2oz4ud9k3tuxjg84bbf55q0tn\gradle-6.5\lib\gradle-launcher-6.5.jar
Launcher Type: SUN_STANDARD

Environment Variables:
JAVA_HOME=C:\Program Files\Java\jdk-14.0.2
CLASSPATH=C:\Program Files\Java\jdk-14.0.2\lib;.;
PATH=C:\Program Files (x86)\Razer\ChromaBroadcast\bin;C:\Program Files\Razer\ChromaBroadcast\bin;C:\Users\±Ë≈¬»£\AppData\Local\Programs\Python\Python38\Scripts\pip.py;C:\Users\±Ë≈¬»£\AppData\Local\Microsoft\WindowsApps;C:\Users\±Ë≈¬»£\AppData\Local\GitHubDesktop\bin;C:\Users\±Ë≈¬»£\AppData\Local\Programs\Microsoft VS Code\bin;C:\Program Files\Java\jdk-14.0.2\bin\;C:\winutils-master\hadoop-3.0.0\bin;C:\Users\±Ë≈¬»£\AppData\Local\Programs\Python\Python38\Scripts;C:\WINDOWS\system32;C:\WINDOWS;C:\WINDOWS\System32\Wbem;C:\WINDOWS\System32\WindowsPowerShell\v1.0\;C:\WINDOWS\System32\OpenSSH\;C:\Users\±Ë≈¬»£\AppData\Local\Programs\Python\Python38;C:\spark-3.0.0-bin-hadoop2.7\bin;C:\MinGW\bin;C:\WINDOWS\system32\config\systemprofile\AppData\Local\Microsoft\WindowsApps;C:\SDK\platform-tools;C:\SDK\tools;C:\SDK\android-ndk-r21e-windows-x86_64\android-ndk-r21e;C:\WINDOWS\system32;C:\WINDOWS;C:\WINDOWS\System32\Wbem;C:\WINDOWS\System32\WindowsPowerShell\v1.0\;C:\WINDOWS\System32\OpenSSH\;C:\Program Files\MariaDB 10.5\bin;C:\MinGW\bin;C:\Program Files\dotnet\;C:\Program Files\MySQL\MySQL Shell 8.0\bin\;C:\Users\±Ë≈¬»£\AppData\Local\Microsoft\WindowsApps;C:\Users\±Ë≈¬»£\AppData\Local\Programs\Microsoft VS Code\bin;C:\Users\±Ë≈¬»£\AppData\Local\Microsoft\WindowsApps
USERNAME=±Ë≈¬»£
OS=Windows_NT
PROCESSOR_IDENTIFIER=Intel64 Family 6 Model 142 Stepping 11, GenuineIntel



---------------  S Y S T E M  ---------------

OS: Windows 10.0 , 64 bit Build 19041 (10.0.19041.928)

CPU:total 8 (initial active 8) (4 cores per cpu, 2 threads per core) family 6 model 142 stepping 11, cmov, cx8, fxsr, mmx, sse, sse2, sse3, ssse3, sse4.1, sse4.2, popcnt, avx, avx2, aes, clmul, erms, 3dnowpref, lzcnt, ht, tsc, tscinvbit, bmi1, bmi2, adx

Memory: 4k page, physical 8241144k(487004k free), swap 33406968k(7396k free)

vm_info: OpenJDK 64-Bit Server VM (25.242-b01) for windows-amd64 JRE (1.8.0_242-release-1644-b01), built by "builder" with MS VC++ 10.0 (VS2010)

time: Fri Jun 04 01:22:25 2021
timezone: ¥Î«—πŒ±π «•¡ÿΩ√
elapsed time: 16 seconds (0d 0h 0m 16s)

