#
# There is insufficient memory for the Java Runtime Environment to continue.
# Native memory allocation (malloc) failed to allocate 319856 bytes for Chunk::new
# Possible reasons:
#   The system is out of physical RAM or swap space
#   The process is running with CompressedOops enabled, and the Java Heap may be blocking the growth of the native heap
# Possible solutions:
#   Reduce memory load on the system
#   Increase physical memory or swap space
#   Check if swap backing store is full
#   Decrease Java heap size (-Xmx/-Xms)
#   Decrease number of Java threads
#   Decrease Java thread stack sizes (-Xss)
#   Set larger code cache with -XX:ReservedCodeCacheSize=
#   JVM is running with Unscaled Compressed Oops mode in which the Java heap is
#     placed in the first 4GB address space. The Java Heap base address is the
#     maximum limit for the native heap growth. Please use -XX:HeapBaseMinAddress
#     to set the Java Heap base and to place the Java Heap above 4GB virtual address.
# This output file may be truncated or incomplete.
#
#  Out of Memory Error (allocation.cpp:389), pid=11796, tid=0x000000000000b550
#
# JRE version: OpenJDK Runtime Environment (8.0_242-b01) (build 1.8.0_242-release-1644-b01)
# Java VM: OpenJDK 64-Bit Server VM (25.242-b01 mixed mode windows-amd64 compressed oops)
# Failed to write core dump. Minidumps are not enabled by default on client versions of Windows
#

---------------  T H R E A D  ---------------

Current thread (0x0000000019dfe800):  JavaThread "C2 CompilerThread0" daemon [_thread_in_native, id=46416, stack(0x000000001a650000,0x000000001a750000)]

Stack: [0x000000001a650000,0x000000001a750000]
[error occurred during error reporting (printing stack bounds), id 0xc0000005]

Native frames: (J=compiled Java code, j=interpreted, Vv=VM code, C=native code)


Current CompileTask:
C2:  12085 8531       4       com.android.tools.r8.graph.H0::c (177 bytes)


---------------  P R O C E S S  ---------------

Java Threads: ( => current thread )
  0x000000001f568800 JavaThread "WorkerExecutor Queue" [_thread_blocked, id=58388, stack(0x000000002e100000,0x000000002e200000)]
  0x000000001f564000 JavaThread "Cache worker for execution history cache (C:\android_projects\Main_Project_two0523\.gradle\6.5\executionHistory)" [_thread_blocked, id=53552, stack(0x000000002da00000,0x000000002db00000)]
  0x000000001f563000 JavaThread "Execution worker for ':' Thread 7" [_thread_blocked, id=60288, stack(0x000000002d900000,0x000000002da00000)]
  0x000000001f567000 JavaThread "Execution worker for ':' Thread 6" [_thread_blocked, id=29680, stack(0x000000002d800000,0x000000002d900000)]
  0x0000000021c31800 JavaThread "Execution worker for ':' Thread 5" [_thread_blocked, id=34348, stack(0x000000002d700000,0x000000002d800000)]
  0x0000000021c38800 JavaThread "Execution worker for ':' Thread 4" [_thread_blocked, id=20624, stack(0x000000002d600000,0x000000002d700000)]
  0x0000000021c37800 JavaThread "Execution worker for ':' Thread 3" [_thread_blocked, id=52152, stack(0x000000002d500000,0x000000002d600000)]
  0x0000000021c37000 JavaThread "Execution worker for ':' Thread 2" [_thread_blocked, id=2340, stack(0x000000002c1f0000,0x000000002c2f0000)]
  0x0000000021c2f800 JavaThread "Execution worker for ':'" [_thread_blocked, id=50044, stack(0x000000002c0f0000,0x000000002c1f0000)]
  0x0000000021c34000 JavaThread "Cache worker for file content cache (C:\android_projects\Main_Project_two0523\.gradle\6.5\fileContent)" [_thread_blocked, id=19656, stack(0x000000002aa80000,0x000000002ab80000)]
  0x0000000021c36000 JavaThread "Memory manager" [_thread_blocked, id=40716, stack(0x000000002a980000,0x000000002aa80000)]
  0x0000000021c2e800 JavaThread "pool-1-thread-1" [_thread_blocked, id=60444, stack(0x0000000029020000,0x0000000029120000)]
  0x0000000021c33000 JavaThread "Cache worker for Build Output Cleanup Cache (C:\android_projects\Main_Project_two0523\.gradle\buildOutputCleanup)" [_thread_blocked, id=2724, stack(0x0000000029c80000,0x0000000029d80000)]
  0x0000000021c31000 JavaThread "jar transforms Thread 92" [_thread_blocked, id=28284, stack(0x0000000029980000,0x0000000029a80000)]
  0x0000000021c30000 JavaThread "jar transforms Thread 91" [_thread_blocked, id=29204, stack(0x0000000029880000,0x0000000029980000)]
  0x0000000021c2e000 JavaThread "jar transforms Thread 90" [_thread_blocked, id=16192, stack(0x0000000029780000,0x0000000029880000)]
  0x0000000021c34800 JavaThread "jar transforms Thread 89" [_thread_blocked, id=33228, stack(0x0000000029680000,0x0000000029780000)]
  0x0000000021c29800 JavaThread "jar transforms Thread 88" [_thread_blocked, id=50596, stack(0x0000000029580000,0x0000000029680000)]
  0x0000000021c2d000 JavaThread "jar transforms Thread 87" [_thread_blocked, id=24832, stack(0x0000000029480000,0x0000000029580000)]
  0x0000000021c2c800 JavaThread "jar transforms Thread 86" [_thread_blocked, id=62872, stack(0x0000000029380000,0x0000000029480000)]
  0x0000000021c2b800 JavaThread "jar transforms Thread 85" [_thread_blocked, id=59400, stack(0x0000000029280000,0x0000000029380000)]
  0x0000000021c2a000 JavaThread "jar transforms Thread 84" [_thread_blocked, id=56208, stack(0x0000000029180000,0x0000000029280000)]
  0x0000000021c2b000 JavaThread "jar transforms Thread 83" [_thread_blocked, id=59552, stack(0x0000000026210000,0x0000000026310000)]
  0x000000002080c800 JavaThread "jar transforms Thread 82" [_thread_blocked, id=9708, stack(0x0000000028f20000,0x0000000029020000)]
  0x0000000020811000 JavaThread "jar transforms Thread 81" [_thread_blocked, id=32880, stack(0x0000000028e20000,0x0000000028f20000)]
  0x000000002080b000 JavaThread "jar transforms Thread 80" [_thread_blocked, id=52144, stack(0x0000000028d20000,0x0000000028e20000)]
  0x000000002080d800 JavaThread "jar transforms Thread 79" [_thread_blocked, id=7508, stack(0x0000000028c20000,0x0000000028d20000)]
  0x000000002080c000 JavaThread "jar transforms Thread 78" [_thread_blocked, id=53884, stack(0x0000000028b20000,0x0000000028c20000)]
  0x0000000020810800 JavaThread "jar transforms Thread 77" [_thread_blocked, id=63468, stack(0x0000000028a20000,0x0000000028b20000)]
  0x000000002080f800 JavaThread "jar transforms Thread 76" [_thread_blocked, id=20444, stack(0x0000000028920000,0x0000000028a20000)]
  0x0000000020808000 JavaThread "jar transforms Thread 75" [_thread_blocked, id=27028, stack(0x0000000028820000,0x0000000028920000)]
  0x000000002080f000 JavaThread "jar transforms Thread 74" [_thread_blocked, id=43128, stack(0x0000000028720000,0x0000000028820000)]
  0x000000002080a800 JavaThread "jar transforms Thread 73" [_thread_blocked, id=61900, stack(0x0000000028620000,0x0000000028720000)]
  0x000000002080e000 JavaThread "jar transforms Thread 72" [_thread_blocked, id=52940, stack(0x0000000028520000,0x0000000028620000)]
  0x0000000020803000 JavaThread "jar transforms Thread 71" [_thread_blocked, id=26380, stack(0x0000000028420000,0x0000000028520000)]
  0x0000000020809800 JavaThread "jar transforms Thread 70" [_thread_blocked, id=28816, stack(0x0000000028320000,0x0000000028420000)]
  0x0000000020806800 JavaThread "jar transforms Thread 69" [_thread_blocked, id=59188, stack(0x0000000028220000,0x0000000028320000)]
  0x0000000020809000 JavaThread "jar transforms Thread 68" [_thread_blocked, id=3836, stack(0x0000000028120000,0x0000000028220000)]
  0x0000000020806000 JavaThread "jar transforms Thread 67" [_thread_blocked, id=43316, stack(0x0000000028020000,0x0000000028120000)]
  0x0000000020805000 JavaThread "jar transforms Thread 66" [_thread_blocked, id=27520, stack(0x0000000027f20000,0x0000000028020000)]
  0x0000000020807800 JavaThread "jar transforms Thread 65" [_thread_blocked, id=52380, stack(0x0000000027e20000,0x0000000027f20000)]
  0x0000000020803800 JavaThread "jar transforms Thread 64" [_thread_blocked, id=9100, stack(0x0000000027d20000,0x0000000027e20000)]
  0x0000000020802000 JavaThread "jar transforms Thread 63" [_thread_blocked, id=11336, stack(0x0000000027c20000,0x0000000027d20000)]
  0x0000000020804800 JavaThread "jar transforms Thread 62" [_thread_blocked, id=54480, stack(0x0000000027b20000,0x0000000027c20000)]
  0x000000001bbee000 JavaThread "jar transforms Thread 61" [_thread_blocked, id=50016, stack(0x0000000027a20000,0x0000000027b20000)]
  0x000000001bbef000 JavaThread "jar transforms Thread 60" [_thread_blocked, id=38672, stack(0x0000000027920000,0x0000000027a20000)]
  0x000000001bbed800 JavaThread "jar transforms Thread 59" [_thread_blocked, id=19516, stack(0x0000000027820000,0x0000000027920000)]
  0x000000001bbec800 JavaThread "jar transforms Thread 58" [_thread_blocked, id=42516, stack(0x0000000027720000,0x0000000027820000)]
  0x000000001bbf2000 JavaThread "jar transforms Thread 57" [_thread_blocked, id=57132, stack(0x0000000027620000,0x0000000027720000)]
  0x000000001bbf1800 JavaThread "jar transforms Thread 56" [_thread_blocked, id=13256, stack(0x0000000027520000,0x0000000027620000)]
  0x000000001bbec000 JavaThread "jar transforms Thread 55" [_thread_blocked, id=61760, stack(0x0000000027420000,0x0000000027520000)]
  0x000000001bbf0800 JavaThread "jar transforms Thread 54" [_thread_blocked, id=58984, stack(0x0000000027320000,0x0000000027420000)]
  0x000000001bbf0000 JavaThread "jar transforms Thread 53" [_thread_blocked, id=31800, stack(0x0000000027220000,0x0000000027320000)]
  0x000000001bbe4800 JavaThread "jar transforms Thread 52" [_thread_blocked, id=57512, stack(0x0000000027120000,0x0000000027220000)]
  0x000000001bbeb000 JavaThread "jar transforms Thread 51" [_thread_blocked, id=17256, stack(0x0000000027020000,0x0000000027120000)]
  0x000000001bbea800 JavaThread "jar transforms Thread 50" [_thread_blocked, id=12328, stack(0x0000000026f20000,0x0000000027020000)]
  0x000000001bbe3000 JavaThread "jar transforms Thread 49" [_thread_blocked, id=1552, stack(0x0000000026e20000,0x0000000026f20000)]
  0x000000001bbe9800 JavaThread "jar transforms Thread 48" [_thread_blocked, id=58624, stack(0x0000000026d20000,0x0000000026e20000)]
  0x000000001bbe8000 JavaThread "jar transforms Thread 47" [_thread_blocked, id=53968, stack(0x0000000026c20000,0x0000000026d20000)]
  0x000000001bbe9000 JavaThread "jar transforms Thread 46" [_thread_blocked, id=2008, stack(0x0000000026b20000,0x0000000026c20000)]
  0x000000001bbe7800 JavaThread "jar transforms Thread 45" [_thread_blocked, id=58384, stack(0x0000000026a20000,0x0000000026b20000)]
  0x000000001bbe3800 JavaThread "jar transforms Thread 44" [_thread_blocked, id=55344, stack(0x0000000026920000,0x0000000026a20000)]
  0x000000001bbe5000 JavaThread "jar transforms Thread 43" [_thread_blocked, id=35328, stack(0x0000000026820000,0x0000000026920000)]
  0x000000001bbe6800 JavaThread "jar transforms Thread 42" [_thread_blocked, id=38964, stack(0x0000000026720000,0x0000000026820000)]
  0x000000001bbe6000 JavaThread "jar transforms Thread 41" [_thread_blocked, id=54344, stack(0x0000000026620000,0x0000000026720000)]
  0x000000001efb6800 JavaThread "jar transforms Thread 40" [_thread_blocked, id=34308, stack(0x0000000026520000,0x0000000026620000)]
  0x000000001efb7000 JavaThread "jar transforms Thread 39" [_thread_blocked, id=23804, stack(0x0000000026110000,0x0000000026210000)]
  0x000000001efb5000 JavaThread "jar transforms Thread 38" [_thread_blocked, id=21000, stack(0x0000000026010000,0x0000000026110000)]
  0x000000001efb3800 JavaThread "jar transforms Thread 37" [_thread_blocked, id=25720, stack(0x0000000025f10000,0x0000000026010000)]
  0x000000001efb2000 JavaThread "jar transforms Thread 36" [_thread_blocked, id=63356, stack(0x0000000025e10000,0x0000000025f10000)]
  0x000000001efb4000 JavaThread "jar transforms Thread 35" [_thread_blocked, id=60376, stack(0x0000000025d10000,0x0000000025e10000)]
  0x000000001efb1000 JavaThread "jar transforms Thread 34" [_thread_blocked, id=60676, stack(0x0000000025c10000,0x0000000025d10000)]
  0x000000001efb0800 JavaThread "jar transforms Thread 33" [_thread_blocked, id=15548, stack(0x0000000025b10000,0x0000000025c10000)]
  0x000000001efb5800 JavaThread "jar transforms Thread 32" [_thread_blocked, id=60508, stack(0x0000000025a10000,0x0000000025b10000)]
  0x000000001efb2800 JavaThread "jar transforms Thread 31" [_thread_blocked, id=55376, stack(0x0000000025910000,0x0000000025a10000)]
  0x000000001efa9000 JavaThread "jar transforms Thread 30" [_thread_blocked, id=56704, stack(0x0000000025810000,0x0000000025910000)]
  0x000000001efaf800 JavaThread "jar transforms Thread 29" [_thread_blocked, id=752, stack(0x0000000025710000,0x0000000025810000)]
  0x000000001efaa800 JavaThread "jar transforms Thread 28" [_thread_blocked, id=56264, stack(0x0000000025610000,0x0000000025710000)]
  0x000000001efa9800 JavaThread "jar transforms Thread 27" [_thread_blocked, id=34928, stack(0x0000000025510000,0x0000000025610000)]
  0x000000001efa8000 JavaThread "jar transforms Thread 26" [_thread_blocked, id=58572, stack(0x0000000025410000,0x0000000025510000)]
  0x000000001efab000 JavaThread "jar transforms Thread 25" [_thread_blocked, id=13020, stack(0x0000000025310000,0x0000000025410000)]
  0x000000001efaf000 JavaThread "jar transforms Thread 24" [_thread_blocked, id=56868, stack(0x0000000025210000,0x0000000025310000)]
  0x000000001efae000 JavaThread "jar transforms Thread 23" [_thread_blocked, id=47552, stack(0x0000000025110000,0x0000000025210000)]
  0x000000001efad800 JavaThread "jar transforms Thread 22" [_thread_blocked, id=53316, stack(0x0000000025010000,0x0000000025110000)]
  0x000000001efac800 JavaThread "jar transforms Thread 21" [_thread_blocked, id=10812, stack(0x0000000024f10000,0x0000000025010000)]
  0x000000001efac000 JavaThread "jar transforms Thread 20" [_thread_blocked, id=42292, stack(0x0000000024e10000,0x0000000024f10000)]
  0x000000001afee800 JavaThread "jar transforms Thread 19" [_thread_blocked, id=38176, stack(0x0000000024d10000,0x0000000024e10000)]
  0x000000001afed800 JavaThread "jar transforms Thread 18" [_thread_blocked, id=50928, stack(0x0000000024c10000,0x0000000024d10000)]
  0x000000001afec000 JavaThread "jar transforms Thread 17" [_thread_blocked, id=2268, stack(0x0000000024b10000,0x0000000024c10000)]
  0x000000001afef000 JavaThread "jar transforms Thread 16" [_thread_blocked, id=46652, stack(0x0000000024a10000,0x0000000024b10000)]
  0x000000001afeb800 JavaThread "jar transforms Thread 15" [_thread_blocked, id=32280, stack(0x0000000024910000,0x0000000024a10000)]
  0x000000001aff0800 JavaThread "jar transforms Thread 14" [_thread_blocked, id=36136, stack(0x0000000024810000,0x0000000024910000)]
  0x000000001aff0000 JavaThread "jar transforms Thread 13" [_thread_blocked, id=3560, stack(0x0000000024710000,0x0000000024810000)]
  0x000000001afea000 JavaThread "jar transforms Thread 12" [_thread_blocked, id=12492, stack(0x0000000024610000,0x0000000024710000)]
  0x000000001afea800 JavaThread "jar transforms Thread 11" [_thread_blocked, id=57320, stack(0x0000000024510000,0x0000000024610000)]
  0x000000001afed000 JavaThread "jar transforms Thread 10" [_thread_blocked, id=58736, stack(0x0000000024410000,0x0000000024510000)]
  0x0000000021f21000 JavaThread "jar transforms Thread 9" [_thread_blocked, id=32316, stack(0x0000000024310000,0x0000000024410000)]
  0x0000000021f20800 JavaThread "jar transforms Thread 8" [_thread_blocked, id=53336, stack(0x0000000024210000,0x0000000024310000)]
  0x0000000021f1f800 JavaThread "jar transforms Thread 7" [_thread_blocked, id=14788, stack(0x0000000024110000,0x0000000024210000)]
  0x0000000021f24000 JavaThread "jar transforms Thread 6" [_thread_blocked, id=47256, stack(0x0000000024010000,0x0000000024110000)]
  0x0000000021f1f000 JavaThread "jar transforms Thread 5" [_thread_blocked, id=59212, stack(0x0000000023f10000,0x0000000024010000)]
  0x0000000021f22000 JavaThread "jar transforms Thread 4" [_thread_blocked, id=59856, stack(0x0000000023e10000,0x0000000023f10000)]
  0x0000000021f1e000 JavaThread "jar transforms Thread 3" [_thread_blocked, id=49176, stack(0x0000000023d10000,0x0000000023e10000)]
  0x0000000021f22800 JavaThread "jar transforms Thread 2" [_thread_blocked, id=38848, stack(0x0000000023c10000,0x0000000023d10000)]
  0x0000000021f1d800 JavaThread "Build operations Thread 8" [_thread_blocked, id=46924, stack(0x0000000023b10000,0x0000000023c10000)]
  0x0000000021f23800 JavaThread "Build operations Thread 7" [_thread_in_Java, id=57296, stack(0x0000000023a10000,0x0000000023b10000)]
  0x0000000021f16000 JavaThread "Build operations Thread 6" [_thread_in_Java, id=4372, stack(0x0000000023910000,0x0000000023a10000)]
  0x0000000021f1c800 JavaThread "Build operations Thread 5" [_thread_in_Java, id=15076, stack(0x0000000023810000,0x0000000023910000)]
  0x0000000021f1c000 JavaThread "Build operations Thread 4" [_thread_in_Java, id=2220, stack(0x0000000023710000,0x0000000023810000)]
  0x0000000021f1b000 JavaThread "Build operations Thread 3" [_thread_blocked, id=36732, stack(0x0000000023610000,0x0000000023710000)]
  0x0000000021f16800 JavaThread "Build operations Thread 2" [_thread_in_Java, id=49844, stack(0x0000000023510000,0x0000000023610000)]
  0x0000000021f1a800 JavaThread "Build operations" [_thread_in_Java, id=26728, stack(0x0000000023410000,0x0000000023510000)]
  0x000000001ca0b000 JavaThread "Cache worker for file content cache (C:\Users\ÍπÄÌÉúÌò∏\.gradle\caches\6.5\fileContent)" [_thread_blocked, id=54396, stack(0x0000000022d10000,0x0000000022e10000)]
  0x000000001ca0a800 JavaThread "jar transforms" [_thread_blocked, id=18576, stack(0x0000000022c10000,0x0000000022d10000)]
  0x000000001ca0f000 JavaThread "Cache worker for execution history cache (C:\Users\ÍπÄÌÉúÌò∏\.gradle\caches\6.5\executionHistory)" [_thread_blocked, id=50896, stack(0x0000000022510000,0x0000000022610000)]
  0x000000001ca0e000 JavaThread "Cache worker for cache directory md-rule (C:\Users\ÍπÄÌÉúÌò∏\.gradle\caches\6.5\md-rule)" [_thread_blocked, id=16036, stack(0x0000000022410000,0x0000000022510000)]
  0x000000001ca09800 JavaThread "Cache worker for cache directory md-supplier (C:\Users\ÍπÄÌÉúÌò∏\.gradle\caches\6.5\md-supplier)" [_thread_blocked, id=51940, stack(0x00000000210c0000,0x00000000211c0000)]
  0x000000001ca0d800 JavaThread "Cache worker for checksums cache (C:\android_projects\Main_Project_two0523\.gradle\checksums)" [_thread_blocked, id=53204, stack(0x0000000020fc0000,0x00000000210c0000)]
  0x000000001ca10800 JavaThread "Cache worker for file hash cache (C:\android_projects\Main_Project_two0523\.gradle\6.5\fileHashes)" [_thread_blocked, id=20440, stack(0x000000001ead0000,0x000000001ebd0000)]
  0x000000001ca0c800 JavaThread "Cache worker for file hash cache (C:\Users\ÍπÄÌÉúÌò∏\.gradle\caches\6.5\fileHashes)" [_thread_blocked, id=44708, stack(0x000000001e9d0000,0x000000001ead0000)]
  0x000000001ca0f800 JavaThread "File lock request listener" [_thread_in_native, id=51768, stack(0x000000001e8d0000,0x000000001e9d0000)]
  0x000000001c943800 JavaThread "Cache worker for journal cache (C:\Users\ÍπÄÌÉúÌò∏\.gradle\caches\journal-1)" [_thread_blocked, id=8908, stack(0x000000001e7d0000,0x000000001e8d0000)]
  0x000000001ae8b000 JavaThread "Thread-9" [_thread_blocked, id=2908, stack(0x000000001e4d0000,0x000000001e5d0000)]
  0x000000001ad96800 JavaThread "Stdin handler" [_thread_blocked, id=24096, stack(0x000000001e3d0000,0x000000001e4d0000)]
  0x000000001ad95000 JavaThread "Asynchronous log dispatcher for DefaultDaemonConnection: socket connection from /127.0.0.1:58736 to /127.0.0.1:58737" [_thread_blocked, id=42500, stack(0x000000001e2d0000,0x000000001e3d0000)]
  0x000000001ca28800 JavaThread "Daemon worker" [_thread_blocked, id=21156, stack(0x000000001e1d0000,0x000000001e2d0000)]
  0x000000001c267800 JavaThread "Cancel handler" [_thread_blocked, id=52120, stack(0x000000001dfd0000,0x000000001e0d0000)]
  0x000000001c8ff000 JavaThread "Handler for socket connection from /127.0.0.1:58736 to /127.0.0.1:58737" [_thread_in_native, id=46904, stack(0x000000001ded0000,0x000000001dfd0000)]
  0x000000001c8fa800 JavaThread "Daemon" [_thread_blocked, id=53556, stack(0x000000001ddd0000,0x000000001ded0000)]
  0x000000001c869000 JavaThread "Daemon periodic checks" [_thread_blocked, id=57480, stack(0x000000001dad0000,0x000000001dbd0000)]
  0x000000001c87c000 JavaThread "Incoming local TCP Connector on port 58736" [_thread_in_native, id=19968, stack(0x000000001d8f0000,0x000000001d9f0000)]
  0x000000001acbb000 JavaThread "Daemon health stats" [_thread_blocked, id=33668, stack(0x000000001d5f0000,0x000000001d6f0000)]
  0x0000000019ec0800 JavaThread "Service Thread" daemon [_thread_blocked, id=50548, stack(0x000000001aa50000,0x000000001ab50000)]
  0x0000000019e79000 JavaThread "C1 CompilerThread3" daemon [_thread_in_native, id=54408, stack(0x000000001a950000,0x000000001aa50000)]
  0x0000000019e5e000 JavaThread "C2 CompilerThread2" daemon [_thread_in_native, id=18908, stack(0x000000001a850000,0x000000001a950000)]
  0x0000000019e01000 JavaThread "C2 CompilerThread1" daemon [_thread_in_native, id=24572, stack(0x000000001a750000,0x000000001a850000)]
=>0x0000000019dfe800 JavaThread "C2 CompilerThread0" daemon [_thread_in_native, id=46416, stack(0x000000001a650000,0x000000001a750000)]
  0x0000000019e58800 JavaThread "Attach Listener" daemon [_thread_blocked, id=35204, stack(0x000000001a550000,0x000000001a650000)]
  0x0000000019e57000 JavaThread "Signal Dispatcher" daemon [_thread_blocked, id=45708, stack(0x000000001a450000,0x000000001a550000)]
  0x0000000019de0800 JavaThread "Finalizer" daemon [_thread_blocked, id=55104, stack(0x000000001a2c0000,0x000000001a3c0000)]
  0x0000000002f87000 JavaThread "Reference Handler" daemon [_thread_blocked, id=62232, stack(0x000000001a1c0000,0x000000001a2c0000)]
  0x0000000002e92800 JavaThread "main" [_thread_blocked, id=11528, stack(0x0000000002d60000,0x0000000002e60000)]

Other Threads:
  0x0000000017ff6800 VMThread [stack: 0x0000000019cc0000,0x0000000019dc0000] [id=20788]
  0x0000000019eed800 WatcherThread [stack: 0x000000001ab50000,0x000000001ac50000] [id=43732]

VM state:not at safepoint (normal execution)

VM Mutex/Monitor currently owned by a thread: None

heap address: 0x0000000080000000, size: 2048 MB, Compressed Oops mode: 32-bit
Narrow klass base: 0x0000000000000000, Narrow klass shift: 3
Compressed class space size: 1073741824 Address: 0x0000000100000000

Heap:
 PSYoungGen      total 192000K, used 70667K [0x00000000d5580000, 0x00000000e4280000, 0x0000000100000000)
  eden space 172544K, 29% used [0x00000000d5580000,0x00000000d8788508,0x00000000dfe00000)
  from space 19456K, 99% used [0x00000000e2f80000,0x00000000e427a940,0x00000000e4280000)
  to   space 17920K, 0% used [0x00000000dfe00000,0x00000000dfe00000,0x00000000e0f80000)
 ParOldGen       total 133120K, used 49745K [0x0000000080000000, 0x0000000088200000, 0x00000000d5580000)
  object space 133120K, 37% used [0x0000000080000000,0x00000000830947f0,0x0000000088200000)
 Metaspace       used 70549K, capacity 74472K, committed 74712K, reserved 1116160K
  class space    used 9758K, capacity 10477K, committed 10496K, reserved 1048576K

Card table byte_map: [0x0000000012350000,0x0000000012760000] byte_map_base: 0x0000000011f50000

Marking Bits: (ParMarkBitMap*) 0x000000006344f030
 Begin Bits: [0x0000000013210000, 0x0000000015210000)
 End Bits:   [0x0000000015210000, 0x0000000017210000)

Polling page: 0x00000000011f0000

CodeCache: size=245760Kb used=23738Kb max_used=23960Kb free=222021Kb
 bounds [0x0000000002f90000, 0x0000000004710000, 0x0000000011f90000]
 total_blobs=8334 nmethods=7526 adapters=719
 compilation: enabled

Compilation events (10 events):
Event: 12.082 Thread 0x0000000019e79000 nmethod 8566 0x0000000004708650 code [0x00000000047087a0, 0x0000000004708930]
Event: 12.082 Thread 0x0000000019e79000 8592       3       java.util.Map::computeIfAbsent (45 bytes)
Event: 12.082 Thread 0x0000000019e79000 nmethod 8592 0x00000000047089d0 code [0x0000000004708b80, 0x0000000004709118]
Event: 12.082 Thread 0x0000000019e79000 8593       3       com.android.tools.r8.graph.O0::b (19 bytes)
Event: 12.083 Thread 0x0000000019e79000 nmethod 8593 0x0000000004709310 code [0x00000000047094a0, 0x00000000047098e8]
Event: 12.083 Thread 0x0000000019e79000 8586       3       com.android.tools.r8.q.a.a.b.N2::<init> (5 bytes)
Event: 12.083 Thread 0x0000000019e79000 nmethod 8586 0x0000000004709a50 code [0x0000000004709ba0, 0x0000000004709d50]
Event: 12.083 Thread 0x0000000019e79000 8567       3       com.google.common.util.concurrent.AbstractFuture::complete (104 bytes)
Event: 12.084 Thread 0x0000000019e79000 nmethod 8567 0x0000000004709e10 code [0x000000000470a000, 0x000000000470a7a8]
Event: 12.084 Thread 0x0000000019e79000 8568       3       com.google.common.util.concurrent.TrustedListenableFutureTask::<init> (18 bytes)

GC Heap History (10 events):
Event: 7.900 GC heap before
{Heap before GC invocations=13 (full 2):
 PSYoungGen      total 144896K, used 144416K [0x00000000d5580000, 0x00000000e0000000, 0x0000000100000000)
  eden space 137728K, 100% used [0x00000000d5580000,0x00000000ddc00000,0x00000000ddc00000)
  from space 7168K, 93% used [0x00000000df900000,0x00000000dff88348,0x00000000e0000000)
  to   space 11264K, 0% used [0x00000000dea00000,0x00000000dea00000,0x00000000df500000)
 ParOldGen       total 83968K, used 14893K [0x0000000080000000, 0x0000000085200000, 0x00000000d5580000)
  object space 83968K, 17% used [0x0000000080000000,0x0000000080e8b518,0x0000000085200000)
 Metaspace       used 50817K, capacity 52864K, committed 53080K, reserved 1095680K
  class space    used 6802K, capacity 7257K, committed 7296K, reserved 1048576K
Event: 7.915 GC heap after
Heap after GC invocations=13 (full 2):
 PSYoungGen      total 163328K, used 11260K [0x00000000d5580000, 0x00000000e1f80000, 0x0000000100000000)
  eden space 152064K, 0% used [0x00000000d5580000,0x00000000d5580000,0x00000000dea00000)
  from space 11264K, 99% used [0x00000000dea00000,0x00000000df4ff300,0x00000000df500000)
  to   space 16384K, 0% used [0x00000000e0f80000,0x00000000e0f80000,0x00000000e1f80000)
 ParOldGen       total 83968K, used 25797K [0x0000000080000000, 0x0000000085200000, 0x00000000d5580000)
  object space 83968K, 30% used [0x0000000080000000,0x0000000081931450,0x0000000085200000)
 Metaspace       used 50817K, capacity 52864K, committed 53080K, reserved 1095680K
  class space    used 6802K, capacity 7257K, committed 7296K, reserved 1048576K
}
Event: 8.737 GC heap before
{Heap before GC invocations=14 (full 2):
 PSYoungGen      total 163328K, used 79482K [0x00000000d5580000, 0x00000000e1f80000, 0x0000000100000000)
  eden space 152064K, 44% used [0x00000000d5580000,0x00000000d981f578,0x00000000dea00000)
  from space 11264K, 99% used [0x00000000dea00000,0x00000000df4ff300,0x00000000df500000)
  to   space 16384K, 0% used [0x00000000e0f80000,0x00000000e0f80000,0x00000000e1f80000)
 ParOldGen       total 83968K, used 25797K [0x0000000080000000, 0x0000000085200000, 0x00000000d5580000)
  object space 83968K, 30% used [0x0000000080000000,0x0000000081931450,0x0000000085200000)
 Metaspace       used 56365K, capacity 58816K, committed 58968K, reserved 1099776K
  class space    used 7708K, capacity 8219K, committed 8320K, reserved 1048576K
Event: 8.751 GC heap after
Heap after GC invocations=14 (full 2):
 PSYoungGen      total 188928K, used 15097K [0x00000000d5580000, 0x00000000e3500000, 0x0000000100000000)
  eden space 172544K, 0% used [0x00000000d5580000,0x00000000d5580000,0x00000000dfe00000)
  from space 16384K, 92% used [0x00000000e0f80000,0x00000000e1e3e400,0x00000000e1f80000)
  to   space 17920K, 0% used [0x00000000dfe00000,0x00000000dfe00000,0x00000000e0f80000)
 ParOldGen       total 83968K, used 30059K [0x0000000080000000, 0x0000000085200000, 0x00000000d5580000)
  object space 83968K, 35% used [0x0000000080000000,0x0000000081d5ad70,0x0000000085200000)
 Metaspace       used 56365K, capacity 58816K, committed 58968K, reserved 1099776K
  class space    used 7708K, capacity 8219K, committed 8320K, reserved 1048576K
}
Event: 8.751 GC heap before
{Heap before GC invocations=15 (full 3):
 PSYoungGen      total 188928K, used 15097K [0x00000000d5580000, 0x00000000e3500000, 0x0000000100000000)
  eden space 172544K, 0% used [0x00000000d5580000,0x00000000d5580000,0x00000000dfe00000)
  from space 16384K, 92% used [0x00000000e0f80000,0x00000000e1e3e400,0x00000000e1f80000)
  to   space 17920K, 0% used [0x00000000dfe00000,0x00000000dfe00000,0x00000000e0f80000)
 ParOldGen       total 83968K, used 30059K [0x0000000080000000, 0x0000000085200000, 0x00000000d5580000)
  object space 83968K, 35% used [0x0000000080000000,0x0000000081d5ad70,0x0000000085200000)
 Metaspace       used 56365K, capacity 58816K, committed 58968K, reserved 1099776K
  class space    used 7708K, capacity 8219K, committed 8320K, reserved 1048576K
Event: 8.937 GC heap after
Heap after GC invocations=15 (full 3):
 PSYoungGen      total 188928K, used 0K [0x00000000d5580000, 0x00000000e3500000, 0x0000000100000000)
  eden space 172544K, 0% used [0x00000000d5580000,0x00000000d5580000,0x00000000dfe00000)
  from space 16384K, 0% used [0x00000000e0f80000,0x00000000e0f80000,0x00000000e1f80000)
  to   space 17920K, 0% used [0x00000000dfe00000,0x00000000dfe00000,0x00000000e0f80000)
 ParOldGen       total 133120K, used 33342K [0x0000000080000000, 0x0000000088200000, 0x00000000d5580000)
  object space 133120K, 25% used [0x0000000080000000,0x000000008208fa40,0x0000000088200000)
 Metaspace       used 56315K, capacity 58648K, committed 58968K, reserved 1099776K
  class space    used 7692K, capacity 8191K, committed 8320K, reserved 1048576K
}
Event: 10.855 GC heap before
{Heap before GC invocations=16 (full 3):
 PSYoungGen      total 188928K, used 172544K [0x00000000d5580000, 0x00000000e3500000, 0x0000000100000000)
  eden space 172544K, 100% used [0x00000000d5580000,0x00000000dfe00000,0x00000000dfe00000)
  from space 16384K, 0% used [0x00000000e0f80000,0x00000000e0f80000,0x00000000e1f80000)
  to   space 17920K, 0% used [0x00000000dfe00000,0x00000000dfe00000,0x00000000e0f80000)
 ParOldGen       total 133120K, used 33342K [0x0000000080000000, 0x0000000088200000, 0x00000000d5580000)
  object space 133120K, 25% used [0x0000000080000000,0x000000008208fa40,0x0000000088200000)
 Metaspace       used 63385K, capacity 66362K, committed 66392K, reserved 1105920K
  class space    used 8739K, capacity 9330K, committed 9344K, reserved 1048576K
Event: 10.869 GC heap after
Heap after GC invocations=16 (full 3):
 PSYoungGen      total 190464K, used 15070K [0x00000000d5580000, 0x00000000e4280000, 0x0000000100000000)
  eden space 172544K, 0% used [0x00000000d5580000,0x00000000d5580000,0x00000000dfe00000)
  from space 17920K, 84% used [0x00000000dfe00000,0x00000000e0cb7b68,0x00000000e0f80000)
  to   space 19456K, 0% used [0x00000000e2f80000,0x00000000e2f80000,0x00000000e4280000)
 ParOldGen       total 133120K, used 33350K [0x0000000080000000, 0x0000000088200000, 0x00000000d5580000)
  object space 133120K, 25% used [0x0000000080000000,0x0000000082091a40,0x0000000088200000)
 Metaspace       used 63385K, capacity 66362K, committed 66392K, reserved 1105920K
  class space    used 8739K, capacity 9330K, committed 9344K, reserved 1048576K
}
Event: 11.881 GC heap before
{Heap before GC invocations=17 (full 3):
 PSYoungGen      total 190464K, used 187614K [0x00000000d5580000, 0x00000000e4280000, 0x0000000100000000)
  eden space 172544K, 100% used [0x00000000d5580000,0x00000000dfe00000,0x00000000dfe00000)
  from space 17920K, 84% used [0x00000000dfe00000,0x00000000e0cb7b68,0x00000000e0f80000)
  to   space 19456K, 0% used [0x00000000e2f80000,0x00000000e2f80000,0x00000000e4280000)
 ParOldGen       total 133120K, used 33350K [0x0000000080000000, 0x0000000088200000, 0x00000000d5580000)
  object space 133120K, 25% used [0x0000000080000000,0x0000000082091a40,0x0000000088200000)
 Metaspace       used 68880K, capacity 72436K, committed 72664K, reserved 1112064K
  class space    used 9505K, capacity 10171K, committed 10240K, reserved 1048576K
Event: 11.904 GC heap after
Heap after GC invocations=17 (full 3):
 PSYoungGen      total 192000K, used 19434K [0x00000000d5580000, 0x00000000e4280000, 0x0000000100000000)
  eden space 172544K, 0% used [0x00000000d5580000,0x00000000d5580000,0x00000000dfe00000)
  from space 19456K, 99% used [0x00000000e2f80000,0x00000000e427a940,0x00000000e4280000)
  to   space 17920K, 0% used [0x00000000dfe00000,0x00000000dfe00000,0x00000000e0f80000)
 ParOldGen       total 133120K, used 49745K [0x0000000080000000, 0x0000000088200000, 0x00000000d5580000)
  object space 133120K, 37% used [0x0000000080000000,0x00000000830947f0,0x0000000088200000)
 Metaspace       used 68880K, capacity 72436K, committed 72664K, reserved 1112064K
  class space    used 9505K, capacity 10171K, committed 10240K, reserved 1048576K
}

Deoptimization events (10 events):
Event: 11.970 Thread 0x0000000021f23800 Uncommon trap: reason=unstable_if action=reinterpret pc=0x0000000004632d74 method=com.android.tools.r8.z.a.a.f.a(II[C)Ljava/lang/String; @ 32
Event: 11.970 Thread 0x0000000021f23800 Uncommon trap: reason=unstable_if action=reinterpret pc=0x00000000045efb08 method=com.android.tools.r8.graph.i0.a(C)I @ 1
Event: 11.970 Thread 0x0000000021f23800 Uncommon trap: reason=unstable_if action=reinterpret pc=0x0000000004239ff4 method=com.android.tools.r8.graph.i0.a(C)I @ 1
Event: 11.970 Thread 0x0000000021f23800 Uncommon trap: reason=unstable_if action=reinterpret pc=0x00000000045e0c28 method=com.android.tools.r8.graph.i0.a(C[BI)I @ 1
Event: 11.998 Thread 0x0000000021f23800 Uncommon trap: reason=unstable_if action=reinterpret pc=0x00000000045fdccc method=com.android.tools.r8.utils.Y.d(I)Z @ 45
Event: 12.004 Thread 0x0000000021f16000 Uncommon trap: reason=unstable_if action=reinterpret pc=0x000000000464f750 method=com.android.tools.r8.z.a.a.f.a(II[C)Ljava/lang/String; @ 59
Event: 12.004 Thread 0x0000000021f16000 Uncommon trap: reason=unstable_if action=reinterpret pc=0x000000000465e6fc method=com.android.tools.r8.graph.i0.a(C)I @ 16
Event: 12.004 Thread 0x0000000021f16000 Uncommon trap: reason=unstable_if action=reinterpret pc=0x0000000004634554 method=com.android.tools.r8.graph.i0.a(C[BI)I @ 27
Event: 12.010 Thread 0x0000000021f16800 Uncommon trap: reason=unstable_if action=reinterpret pc=0x0000000004649e84 method=com.android.tools.r8.utils.Y.d(I)Z @ 45
Event: 12.010 Thread 0x0000000021f16800 Uncommon trap: reason=unstable_if action=reinterpret pc=0x00000000045faa80 method=com.android.tools.r8.utils.Y.d(I)Z @ 45

Classes redefined (0 events):
No events

Internal exceptions (10 events):
Event: 11.633 Thread 0x0000000021f1b000 Implicit null exception at 0x0000000004593c63 to 0x000000000459410d
Event: 11.672 Thread 0x0000000021f16000 Exception <a 'java/lang/NoSuchMethodError': java.lang.Object.lambda$static$0(Ljava/lang/String;)Z> (0x00000000dc0b5cb0) thrown at [C:\src\AOSP-openjdk-git\hotspot\src\share\vm\interpreter\linkResolver.cpp, line 620]
Event: 11.752 Thread 0x0000000021f1c800 Exception <a 'sun/nio/fs/WindowsException'> (0x00000000dd510eb0) thrown at [C:\src\AOSP-openjdk-git\hotspot\src\share\vm\prims\jni.cpp, line 710]
Event: 11.756 Thread 0x0000000021f23800 Exception <a 'sun/nio/fs/WindowsException'> (0x00000000dd69f510) thrown at [C:\src\AOSP-openjdk-git\hotspot\src\share\vm\prims\jni.cpp, line 710]
Event: 11.771 Thread 0x0000000021f1a800 Exception <a 'sun/nio/fs/WindowsException'> (0x00000000de105778) thrown at [C:\src\AOSP-openjdk-git\hotspot\src\share\vm\prims\jni.cpp, line 710]
Event: 11.780 Thread 0x0000000021f1c000 Exception <a 'sun/nio/fs/WindowsException'> (0x00000000de659708) thrown at [C:\src\AOSP-openjdk-git\hotspot\src\share\vm\prims\jni.cpp, line 710]
Event: 11.781 Thread 0x0000000021f1d800 Exception <a 'sun/nio/fs/WindowsException'> (0x00000000de6dbe88) thrown at [C:\src\AOSP-openjdk-git\hotspot\src\share\vm\prims\jni.cpp, line 710]
Event: 11.794 Thread 0x0000000021f16000 Exception <a 'sun/nio/fs/WindowsException'> (0x00000000deb08808) thrown at [C:\src\AOSP-openjdk-git\hotspot\src\share\vm\prims\jni.cpp, line 710]
Event: 11.913 Thread 0x0000000021f16800 Exception <a 'sun/nio/fs/WindowsException'> (0x00000000d58814e0) thrown at [C:\src\AOSP-openjdk-git\hotspot\src\share\vm\prims\jni.cpp, line 710]
Event: 12.036 Thread 0x0000000021f23800 Exception <a 'java/lang/IncompatibleClassChangeError': Found class java.lang.Object, but interface was expected> (0x00000000d72002c0) thrown at [C:\src\AOSP-openjdk-git\hotspot\src\share\vm\interpreter\linkResolver.cpp, line 653]

Events (10 events):
Event: 12.081 loading class com/android/tools/r8/t/a/a/a/h/e0
Event: 12.081 loading class com/android/tools/r8/t/a/a/a/h/e0 done
Event: 12.082 loading class com/android/tools/r8/p/n/d
Event: 12.082 loading class com/android/tools/r8/p/n/d done
Event: 12.082 loading class com/android/tools/r8/t/a/a/a/h/y
Event: 12.082 loading class com/android/tools/r8/t/a/a/a/h/y done
Event: 12.082 loading class com/android/tools/r8/p/n/b
Event: 12.082 loading class com/android/tools/r8/p/n/b done
Event: 12.083 loading class com/android/tools/r8/t/a/a/a/h/f0$g
Event: 12.083 loading class com/android/tools/r8/t/a/a/a/h/f0$g done


Dynamic libraries:
0x00007ff61f4a0000 - 0x00007ff61f4d1000 	C:\Program Files\Android\Android Studio1\jre\bin\java.exe
0x00007ffaffe50000 - 0x00007ffb00045000 	C:\WINDOWS\SYSTEM32\ntdll.dll
0x00007ffafe640000 - 0x00007ffafe6fd000 	C:\WINDOWS\System32\KERNEL32.DLL
0x00007ffafda80000 - 0x00007ffafdd48000 	C:\WINDOWS\System32\KERNELBASE.dll
0x00007ffafefe0000 - 0x00007ffaff08c000 	C:\WINDOWS\System32\ADVAPI32.dll
0x00007ffafe570000 - 0x00007ffafe60e000 	C:\WINDOWS\System32\msvcrt.dll
0x00007ffaff430000 - 0x00007ffaff4cb000 	C:\WINDOWS\System32\sechost.dll
0x00007ffafe440000 - 0x00007ffafe56b000 	C:\WINDOWS\System32\RPCRT4.dll
0x00007ffaff4d0000 - 0x00007ffaff670000 	C:\WINDOWS\System32\USER32.dll
0x00007ffafd7e0000 - 0x00007ffafd802000 	C:\WINDOWS\System32\win32u.dll
0x00007ffafe610000 - 0x00007ffafe63a000 	C:\WINDOWS\System32\GDI32.dll
0x00007ffafd870000 - 0x00007ffafd97b000 	C:\WINDOWS\System32\gdi32full.dll
0x00007ffafd590000 - 0x00007ffafd62d000 	C:\WINDOWS\System32\msvcp_win.dll
0x00007ffafd980000 - 0x00007ffafda80000 	C:\WINDOWS\System32\ucrtbase.dll
0x00007ffad8fe0000 - 0x00007ffad927a000 	C:\WINDOWS\WinSxS\amd64_microsoft.windows.common-controls_6595b64144ccf1df_6.0.19041.844_none_ca00b6081b84eb1d\COMCTL32.dll
0x00007ffaff130000 - 0x00007ffaff160000 	C:\WINDOWS\System32\IMM32.DLL
0x000000005b6b0000 - 0x000000005b782000 	C:\Program Files\Android\Android Studio1\jre\jre\bin\msvcr100.dll
0x0000000062c80000 - 0x00000000634cb000 	C:\Program Files\Android\Android Studio1\jre\jre\bin\server\jvm.dll
0x00007ffaff2f0000 - 0x00007ffaff2f8000 	C:\WINDOWS\System32\PSAPI.DLL
0x00007ffae81d0000 - 0x00007ffae81f7000 	C:\WINDOWS\SYSTEM32\WINMM.dll
0x00007ffad9320000 - 0x00007ffad9329000 	C:\WINDOWS\SYSTEM32\WSOCK32.dll
0x00007ffafe320000 - 0x00007ffafe38b000 	C:\WINDOWS\System32\WS2_32.dll
0x00007ffaf08b0000 - 0x00007ffaf08ba000 	C:\WINDOWS\SYSTEM32\VERSION.dll
0x00007ffaf3df0000 - 0x00007ffaf3dff000 	C:\Program Files\Android\Android Studio1\jre\jre\bin\verify.dll
0x00007ffaf3dc0000 - 0x00007ffaf3de9000 	C:\Program Files\Android\Android Studio1\jre\jre\bin\java.dll
0x00007ffaf3cd0000 - 0x00007ffaf3ce6000 	C:\Program Files\Android\Android Studio1\jre\jre\bin\zip.dll
0x00007ffafe760000 - 0x00007ffafeea2000 	C:\WINDOWS\System32\SHELL32.dll
0x00007ffafb240000 - 0x00007ffafb9d0000 	C:\WINDOWS\SYSTEM32\windows.storage.dll
0x00007ffaff820000 - 0x00007ffaffb75000 	C:\WINDOWS\System32\combase.dll
0x00007ffafd000000 - 0x00007ffafd02c000 	C:\WINDOWS\SYSTEM32\Wldp.dll
0x00007ffaff710000 - 0x00007ffaff7be000 	C:\WINDOWS\System32\SHCORE.dll
0x00007ffafe700000 - 0x00007ffafe755000 	C:\WINDOWS\System32\shlwapi.dll
0x00007ffafd4d0000 - 0x00007ffafd4ef000 	C:\WINDOWS\SYSTEM32\profapi.dll
0x00007ffaef710000 - 0x00007ffaef72a000 	C:\Program Files\Android\Android Studio1\jre\jre\bin\net.dll
0x00007ffafcd70000 - 0x00007ffafcdda000 	C:\WINDOWS\system32\mswsock.dll
0x00007ffaef6b0000 - 0x00007ffaef6c3000 	C:\Program Files\Android\Android Studio1\jre\jre\bin\nio.dll
0x00007ffae21a0000 - 0x00007ffae21c7000 	C:\Users\±Ë≈¬»£\.gradle\native\f6784746aeab05261644944871eae4fe03e0ef1612fff0a4a95f87b438bc6780\windows-amd64\native-platform.dll
0x00007ffaf3db0000 - 0x00007ffaf3dbd000 	C:\Program Files\Android\Android Studio1\jre\jre\bin\management.dll
0x00007ffafcf40000 - 0x00007ffafcf58000 	C:\WINDOWS\SYSTEM32\CRYPTSP.dll
0x00007ffafc6a0000 - 0x00007ffafc6d4000 	C:\WINDOWS\system32\rsaenh.dll
0x00007ffafd7b0000 - 0x00007ffafd7d7000 	C:\WINDOWS\System32\bcrypt.dll
0x00007ffafd450000 - 0x00007ffafd47e000 	C:\WINDOWS\SYSTEM32\USERENV.dll
0x00007ffafd630000 - 0x00007ffafd6b0000 	C:\WINDOWS\System32\bcryptprimitives.dll
0x00007ffafcf60000 - 0x00007ffafcf6c000 	C:\WINDOWS\SYSTEM32\CRYPTBASE.dll
0x00007ffafca10000 - 0x00007ffafca4b000 	C:\WINDOWS\SYSTEM32\IPHLPAPI.DLL
0x00007ffaff280000 - 0x00007ffaff288000 	C:\WINDOWS\System32\NSI.dll
0x00007ffaf3530000 - 0x00007ffaf3547000 	C:\WINDOWS\SYSTEM32\dhcpcsvc6.DLL
0x00007ffaf3510000 - 0x00007ffaf352d000 	C:\WINDOWS\SYSTEM32\dhcpcsvc.DLL
0x00007ffafca50000 - 0x00007ffafcb1c000 	C:\WINDOWS\SYSTEM32\DNSAPI.dll
0x00007ffaf4990000 - 0x00007ffaf499b000 	C:\WINDOWS\SYSTEM32\WINNSI.DLL

VM Arguments:
jvm_args: -Xmx2048m -Dfile.encoding=UTF-8 -Duser.country=KR -Duser.language=ko -Duser.variant 
java_command: org.gradle.launcher.daemon.bootstrap.GradleDaemon 6.5
java_class_path (initial): C:\Users\±Ë≈¬»£\.gradle\wrapper\dists\gradle-6.5-all\2oz4ud9k3tuxjg84bbf55q0tn\gradle-6.5\lib\gradle-launcher-6.5.jar
Launcher Type: SUN_STANDARD

Environment Variables:
JAVA_HOME=C:\Program Files\Java\jdk-14.0.2
CLASSPATH=C:\Program Files\Java\jdk-14.0.2\lib;.;
PATH=C:\Program Files (x86)\Razer\ChromaBroadcast\bin;C:\Program Files\Razer\ChromaBroadcast\bin;C:\Users\±Ë≈¬»£\AppData\Local\Programs\Python\Python38\Scripts\pip.py;C:\Users\±Ë≈¬»£\AppData\Local\Microsoft\WindowsApps;C:\Users\±Ë≈¬»£\AppData\Local\GitHubDesktop\bin;C:\Users\±Ë≈¬»£\AppData\Local\Programs\Microsoft VS Code\bin;C:\Program Files\Java\jdk-14.0.2\bin\;C:\winutils-master\hadoop-3.0.0\bin;C:\Users\±Ë≈¬»£\AppData\Local\Programs\Python\Python38\Scripts;C:\WINDOWS\system32;C:\WINDOWS;C:\WINDOWS\System32\Wbem;C:\WINDOWS\System32\WindowsPowerShell\v1.0\;C:\WINDOWS\System32\OpenSSH\;C:\Users\±Ë≈¬»£\AppData\Local\Programs\Python\Python38;C:\spark-3.0.0-bin-hadoop2.7\bin;C:\MinGW\bin;C:\WINDOWS\system32\config\systemprofile\AppData\Local\Microsoft\WindowsApps;C:\SDK\platform-tools;C:\SDK\tools;C:\SDK\android-ndk-r21e-windows-x86_64\android-ndk-r21e;C:\WINDOWS\system32;C:\WINDOWS;C:\WINDOWS\System32\Wbem;C:\WINDOWS\System32\WindowsPowerShell\v1.0\;C:\WINDOWS\System32\OpenSSH\;C:\Program Files\MariaDB 10.5\bin;C:\MinGW\bin;C:\Program Files\dotnet\;C:\Program Files\MySQL\MySQL Shell 8.0\bin\;C:\Users\±Ë≈¬»£\AppData\Local\Microsoft\WindowsApps;C:\Users\±Ë≈¬»£\AppData\Local\Programs\Microsoft VS Code\bin;C:\Users\±Ë≈¬»£\AppData\Local\Microsoft\WindowsApps
USERNAME=±Ë≈¬»£
OS=Windows_NT
PROCESSOR_IDENTIFIER=Intel64 Family 6 Model 142 Stepping 11, GenuineIntel



---------------  S Y S T E M  ---------------

OS: Windows 10.0 , 64 bit Build 19041 (10.0.19041.928)

CPU:total 8 (initial active 8) (4 cores per cpu, 2 threads per core) family 6 model 142 stepping 11, cmov, cx8, fxsr, mmx, sse, sse2, sse3, ssse3, sse4.1, sse4.2, popcnt, avx, avx2, aes, clmul, erms, 3dnowpref, lzcnt, ht, tsc, tscinvbit, bmi1, bmi2, adx

Memory: 4k page, physical 8241144k(507328k free), swap 33406968k(5176k free)

vm_info: OpenJDK 64-Bit Server VM (25.242-b01) for windows-amd64 JRE (1.8.0_242-release-1644-b01), built by "builder" with MS VC++ 10.0 (VS2010)

time: Fri Jun 04 01:01:49 2021
timezone: ¥Î«—πŒ±π «•¡ÿΩ√
elapsed time: 12 seconds (0d 0h 0m 12s)

