#
# There is insufficient memory for the Java Runtime Environment to continue.
# Native memory allocation (malloc) failed to allocate 301616 bytes for Chunk::new
# Possible reasons:
#   The system is out of physical RAM or swap space
#   The process is running with CompressedOops enabled, and the Java Heap may be blocking the growth of the native heap
# Possible solutions:
#   Reduce memory load on the system
#   Increase physical memory or swap space
#   Check if swap backing store is full
#   Decrease Java heap size (-Xmx/-Xms)
#   Decrease number of Java threads
#   Decrease Java thread stack sizes (-Xss)
#   Set larger code cache with -XX:ReservedCodeCacheSize=
#   JVM is running with Unscaled Compressed Oops mode in which the Java heap is
#     placed in the first 4GB address space. The Java Heap base address is the
#     maximum limit for the native heap growth. Please use -XX:HeapBaseMinAddress
#     to set the Java Heap base and to place the Java Heap above 4GB virtual address.
# This output file may be truncated or incomplete.
#
#  Out of Memory Error (allocation.cpp:389), pid=1216, tid=0x0000000000006b1c
#
# JRE version: OpenJDK Runtime Environment (8.0_242-b01) (build 1.8.0_242-release-1644-b01)
# Java VM: OpenJDK 64-Bit Server VM (25.242-b01 mixed mode windows-amd64 compressed oops)
# Failed to write core dump. Minidumps are not enabled by default on client versions of Windows
#

---------------  T H R E A D  ---------------

Current thread (0x0000000019c83800):  JavaThread "C2 CompilerThread2" daemon [_thread_in_native, id=27420, stack(0x000000001a6d0000,0x000000001a7d0000)]

Stack: [0x000000001a6d0000,0x000000001a7d0000]
[error occurred during error reporting (printing stack bounds), id 0xc0000005]

Native frames: (J=compiled Java code, j=interpreted, Vv=VM code, C=native code)


Current CompileTask:
C2:  13520 9444       4       com.android.tools.r8.ir.optimize.K::a (282 bytes)


---------------  P R O C E S S  ---------------

Java Threads: ( => current thread )
  0x0000000021e41800 JavaThread "WorkerExecutor Queue" [_thread_blocked, id=6088, stack(0x000000002c1b0000,0x000000002c2b0000)]
  0x0000000021e47800 JavaThread "Cache worker for execution history cache (C:\android_projects\Main_Project_two0523\.gradle\6.5\executionHistory)" [_thread_blocked, id=63416, stack(0x000000002c0b0000,0x000000002c1b0000)]
  0x0000000021e46800 JavaThread "Execution worker for ':' Thread 7" [_thread_blocked, id=45180, stack(0x000000002d930000,0x000000002da30000)]
  0x0000000021e48800 JavaThread "Execution worker for ':' Thread 6" [_thread_blocked, id=50284, stack(0x000000002d830000,0x000000002d930000)]
  0x0000000021e40800 JavaThread "Execution worker for ':' Thread 5" [_thread_blocked, id=46256, stack(0x000000002d730000,0x000000002d830000)]
  0x0000000021e43800 JavaThread "Execution worker for ':' Thread 4" [_thread_blocked, id=62076, stack(0x000000002d630000,0x000000002d730000)]
  0x0000000021e46000 JavaThread "Execution worker for ':' Thread 3" [_thread_blocked, id=50320, stack(0x000000002d530000,0x000000002d630000)]
  0x0000000021e42000 JavaThread "Execution worker for ':' Thread 2" [_thread_blocked, id=10060, stack(0x000000002d430000,0x000000002d530000)]
  0x0000000021e45000 JavaThread "Execution worker for ':'" [_thread_blocked, id=43600, stack(0x000000002d330000,0x000000002d430000)]
  0x0000000021e44800 JavaThread "Cache worker for file content cache (C:\android_projects\Main_Project_two0523\.gradle\6.5\fileContent)" [_thread_blocked, id=2968, stack(0x000000002b9f0000,0x000000002baf0000)]
  0x0000000021e43000 JavaThread "Memory manager" [_thread_blocked, id=47872, stack(0x000000002bdb0000,0x000000002beb0000)]
  0x000000001c904800 JavaThread "pool-1-thread-1" [_thread_blocked, id=34068, stack(0x0000000029b20000,0x0000000029c20000)]
  0x000000001c904000 JavaThread "Cache worker for Build Output Cleanup Cache (C:\android_projects\Main_Project_two0523\.gradle\buildOutputCleanup)" [_thread_blocked, id=56784, stack(0x0000000026690000,0x0000000026790000)]
  0x000000001c90a000 JavaThread "jar transforms Thread 92" [_thread_blocked, id=53404, stack(0x0000000029820000,0x0000000029920000)]
  0x000000001c907800 JavaThread "jar transforms Thread 91" [_thread_blocked, id=42704, stack(0x0000000029720000,0x0000000029820000)]
  0x000000001c907000 JavaThread "jar transforms Thread 90" [_thread_blocked, id=19960, stack(0x0000000029620000,0x0000000029720000)]
  0x000000001c906000 JavaThread "jar transforms Thread 89" [_thread_blocked, id=23048, stack(0x0000000029520000,0x0000000029620000)]
  0x000000001c902800 JavaThread "jar transforms Thread 88" [_thread_blocked, id=46404, stack(0x0000000029420000,0x0000000029520000)]
  0x000000001c908800 JavaThread "jar transforms Thread 87" [_thread_blocked, id=62540, stack(0x0000000029320000,0x0000000029420000)]
  0x000000001c903000 JavaThread "jar transforms Thread 86" [_thread_blocked, id=15048, stack(0x0000000029220000,0x0000000029320000)]
  0x000000001c905800 JavaThread "jar transforms Thread 85" [_thread_blocked, id=24492, stack(0x0000000029120000,0x0000000029220000)]
  0x000000001c909000 JavaThread "jar transforms Thread 84" [_thread_blocked, id=35592, stack(0x0000000029020000,0x0000000029120000)]
  0x000000001c8fb000 JavaThread "jar transforms Thread 83" [_thread_blocked, id=35192, stack(0x0000000028f20000,0x0000000029020000)]
  0x000000001c901800 JavaThread "jar transforms Thread 82" [_thread_blocked, id=37128, stack(0x0000000028e20000,0x0000000028f20000)]
  0x000000001c900000 JavaThread "jar transforms Thread 81" [_thread_blocked, id=45408, stack(0x0000000028d20000,0x0000000028e20000)]
  0x000000001c8ff800 JavaThread "jar transforms Thread 80" [_thread_blocked, id=4720, stack(0x0000000028c20000,0x0000000028d20000)]
  0x000000001c901000 JavaThread "jar transforms Thread 79" [_thread_blocked, id=49312, stack(0x0000000028b20000,0x0000000028c20000)]
  0x000000001c8fe800 JavaThread "jar transforms Thread 78" [_thread_blocked, id=57272, stack(0x0000000028a20000,0x0000000028b20000)]
  0x000000001c8fe000 JavaThread "jar transforms Thread 77" [_thread_blocked, id=60348, stack(0x0000000028920000,0x0000000028a20000)]
  0x000000001c8fb800 JavaThread "jar transforms Thread 76" [_thread_blocked, id=25660, stack(0x0000000028820000,0x0000000028920000)]
  0x000000001c8fc800 JavaThread "jar transforms Thread 75" [_thread_blocked, id=54812, stack(0x0000000028720000,0x0000000028820000)]
  0x000000001c8fd000 JavaThread "jar transforms Thread 74" [_thread_blocked, id=57336, stack(0x0000000028620000,0x0000000028720000)]
  0x0000000021420000 JavaThread "jar transforms Thread 73" [_thread_blocked, id=37500, stack(0x0000000028520000,0x0000000028620000)]
  0x000000002141f000 JavaThread "jar transforms Thread 72" [_thread_blocked, id=46516, stack(0x0000000028420000,0x0000000028520000)]
  0x000000002141d000 JavaThread "jar transforms Thread 71" [_thread_blocked, id=57704, stack(0x0000000028320000,0x0000000028420000)]
  0x000000002141c000 JavaThread "jar transforms Thread 70" [_thread_blocked, id=1188, stack(0x0000000028220000,0x0000000028320000)]
  0x000000002141e800 JavaThread "jar transforms Thread 69" [_thread_blocked, id=28016, stack(0x0000000028120000,0x0000000028220000)]
  0x000000002141d800 JavaThread "jar transforms Thread 68" [_thread_blocked, id=3236, stack(0x0000000028020000,0x0000000028120000)]
  0x000000002141a800 JavaThread "jar transforms Thread 67" [_thread_blocked, id=30000, stack(0x0000000027f20000,0x0000000028020000)]
  0x000000002141b800 JavaThread "jar transforms Thread 66" [_thread_blocked, id=54652, stack(0x0000000027e20000,0x0000000027f20000)]
  0x0000000021413000 JavaThread "jar transforms Thread 65" [_thread_blocked, id=61816, stack(0x0000000027d20000,0x0000000027e20000)]
  0x000000002141a000 JavaThread "jar transforms Thread 64" [_thread_blocked, id=12176, stack(0x0000000027c20000,0x0000000027d20000)]
  0x0000000021419000 JavaThread "jar transforms Thread 63" [_thread_blocked, id=22784, stack(0x0000000027b20000,0x0000000027c20000)]
  0x0000000021417800 JavaThread "jar transforms Thread 62" [_thread_blocked, id=40120, stack(0x0000000027a20000,0x0000000027b20000)]
  0x0000000021418800 JavaThread "jar transforms Thread 61" [_thread_blocked, id=47288, stack(0x0000000027920000,0x0000000027a20000)]
  0x0000000021411000 JavaThread "jar transforms Thread 60" [_thread_blocked, id=44660, stack(0x0000000027820000,0x0000000027920000)]
  0x0000000021417000 JavaThread "jar transforms Thread 59" [_thread_blocked, id=45196, stack(0x0000000027720000,0x0000000027820000)]
  0x0000000021416000 JavaThread "jar transforms Thread 58" [_thread_blocked, id=55480, stack(0x0000000027620000,0x0000000027720000)]
  0x0000000021414000 JavaThread "jar transforms Thread 57" [_thread_blocked, id=24720, stack(0x0000000027520000,0x0000000027620000)]
  0x0000000021412800 JavaThread "jar transforms Thread 56" [_thread_blocked, id=10556, stack(0x0000000027420000,0x0000000027520000)]
  0x0000000021411800 JavaThread "jar transforms Thread 55" [_thread_blocked, id=63256, stack(0x0000000027320000,0x0000000027420000)]
  0x0000000021414800 JavaThread "jar transforms Thread 54" [_thread_blocked, id=11916, stack(0x0000000027220000,0x0000000027320000)]
  0x0000000021415800 JavaThread "jar transforms Thread 53" [_thread_blocked, id=50964, stack(0x0000000027120000,0x0000000027220000)]
  0x000000001f0d1800 JavaThread "jar transforms Thread 52" [_thread_blocked, id=49160, stack(0x0000000027020000,0x0000000027120000)]
  0x000000001f0d3000 JavaThread "jar transforms Thread 51" [_thread_blocked, id=9028, stack(0x0000000026f20000,0x0000000027020000)]
  0x000000001f0d0800 JavaThread "jar transforms Thread 50" [_thread_blocked, id=8528, stack(0x0000000026e20000,0x0000000026f20000)]
  0x000000001f0d2000 JavaThread "jar transforms Thread 49" [_thread_blocked, id=57176, stack(0x0000000026d20000,0x0000000026e20000)]
  0x000000001f0d3800 JavaThread "jar transforms Thread 48" [_thread_blocked, id=32484, stack(0x0000000026c20000,0x0000000026d20000)]
  0x000000001f0cf000 JavaThread "jar transforms Thread 47" [_thread_blocked, id=15828, stack(0x0000000026b20000,0x0000000026c20000)]
  0x000000001f0d0000 JavaThread "jar transforms Thread 46" [_thread_blocked, id=47356, stack(0x0000000026a20000,0x0000000026b20000)]
  0x000000001f0c8000 JavaThread "jar transforms Thread 45" [_thread_blocked, id=48004, stack(0x0000000026920000,0x0000000026a20000)]
  0x000000001f0c7800 JavaThread "jar transforms Thread 44" [_thread_blocked, id=32512, stack(0x0000000026820000,0x0000000026920000)]
  0x000000001f0ce000 JavaThread "jar transforms Thread 43" [_thread_blocked, id=17928, stack(0x0000000023c70000,0x0000000023d70000)]
  0x000000001f0c6800 JavaThread "jar transforms Thread 42" [_thread_blocked, id=24024, stack(0x0000000026590000,0x0000000026690000)]
  0x000000001f0cd800 JavaThread "jar transforms Thread 41" [_thread_blocked, id=48520, stack(0x0000000026490000,0x0000000026590000)]
  0x000000001f0cc000 JavaThread "jar transforms Thread 40" [_thread_blocked, id=19736, stack(0x0000000026390000,0x0000000026490000)]
  0x000000001f0ca800 JavaThread "jar transforms Thread 39" [_thread_blocked, id=44952, stack(0x0000000026290000,0x0000000026390000)]
  0x000000001f0cc800 JavaThread "jar transforms Thread 38" [_thread_blocked, id=20692, stack(0x0000000026190000,0x0000000026290000)]
  0x000000001f0c5000 JavaThread "jar transforms Thread 37" [_thread_blocked, id=34256, stack(0x0000000026090000,0x0000000026190000)]
  0x000000001f0c9000 JavaThread "jar transforms Thread 36" [_thread_blocked, id=48920, stack(0x0000000025f90000,0x0000000026090000)]
  0x000000001f0cb000 JavaThread "jar transforms Thread 35" [_thread_blocked, id=58132, stack(0x0000000025e90000,0x0000000025f90000)]
  0x000000001f0c4800 JavaThread "jar transforms Thread 34" [_thread_blocked, id=45784, stack(0x0000000025d90000,0x0000000025e90000)]
  0x000000001f0c6000 JavaThread "jar transforms Thread 33" [_thread_blocked, id=38248, stack(0x0000000025c90000,0x0000000025d90000)]
  0x000000001f0c9800 JavaThread "jar transforms Thread 32" [_thread_blocked, id=19844, stack(0x0000000025b90000,0x0000000025c90000)]
  0x000000001c71d000 JavaThread "jar transforms Thread 31" [_thread_blocked, id=59320, stack(0x0000000025a90000,0x0000000025b90000)]
  0x000000001c71c800 JavaThread "jar transforms Thread 30" [_thread_blocked, id=20188, stack(0x0000000025990000,0x0000000025a90000)]
  0x000000001c71a000 JavaThread "jar transforms Thread 29" [_thread_blocked, id=6076, stack(0x0000000025890000,0x0000000025990000)]
  0x000000001c71b800 JavaThread "jar transforms Thread 28" [_thread_blocked, id=31324, stack(0x0000000025790000,0x0000000025890000)]
  0x000000001c71f800 JavaThread "jar transforms Thread 27" [_thread_blocked, id=62940, stack(0x0000000025690000,0x0000000025790000)]
  0x000000001c71e800 JavaThread "jar transforms Thread 26" [_thread_blocked, id=49132, stack(0x0000000025590000,0x0000000025690000)]
  0x000000001c719800 JavaThread "jar transforms Thread 25" [_thread_blocked, id=18796, stack(0x0000000025490000,0x0000000025590000)]
  0x000000001c71b000 JavaThread "jar transforms Thread 24" [_thread_blocked, id=41120, stack(0x0000000025390000,0x0000000025490000)]
  0x000000001c71e000 JavaThread "jar transforms Thread 23" [_thread_blocked, id=26216, stack(0x0000000025290000,0x0000000025390000)]
  0x000000001c718800 JavaThread "jar transforms Thread 22" [_thread_blocked, id=54176, stack(0x0000000025190000,0x0000000025290000)]
  0x000000001c711000 JavaThread "jar transforms Thread 21" [_thread_blocked, id=62280, stack(0x0000000025090000,0x0000000025190000)]
  0x000000001c718000 JavaThread "jar transforms Thread 20" [_thread_blocked, id=10852, stack(0x0000000024f90000,0x0000000025090000)]
  0x000000001c715800 JavaThread "jar transforms Thread 19" [_thread_blocked, id=55108, stack(0x0000000024e90000,0x0000000024f90000)]
  0x000000001c717000 JavaThread "jar transforms Thread 18" [_thread_blocked, id=58104, stack(0x0000000024d90000,0x0000000024e90000)]
  0x000000001c715000 JavaThread "jar transforms Thread 17" [_thread_blocked, id=12872, stack(0x0000000024c90000,0x0000000024d90000)]
  0x000000001c710800 JavaThread "jar transforms Thread 16" [_thread_blocked, id=29456, stack(0x0000000024b90000,0x0000000024c90000)]
  0x000000001c712000 JavaThread "jar transforms Thread 15" [_thread_blocked, id=58788, stack(0x0000000024a90000,0x0000000024b90000)]
  0x000000001c714000 JavaThread "jar transforms Thread 14" [_thread_blocked, id=36776, stack(0x0000000024990000,0x0000000024a90000)]
  0x000000001c712800 JavaThread "jar transforms Thread 13" [_thread_blocked, id=33828, stack(0x0000000024890000,0x0000000024990000)]
  0x000000001c716800 JavaThread "jar transforms Thread 12" [_thread_blocked, id=47520, stack(0x0000000024790000,0x0000000024890000)]
  0x000000001c713800 JavaThread "jar transforms Thread 11" [_thread_blocked, id=56880, stack(0x0000000024690000,0x0000000024790000)]
  0x000000001fd7c000 JavaThread "jar transforms Thread 10" [_thread_blocked, id=47432, stack(0x0000000024590000,0x0000000024690000)]
  0x000000001fd7b800 JavaThread "jar transforms Thread 9" [_thread_blocked, id=61420, stack(0x0000000024490000,0x0000000024590000)]
  0x000000001fd74800 JavaThread "jar transforms Thread 8" [_thread_blocked, id=46264, stack(0x0000000024390000,0x0000000024490000)]
  0x000000001fd7a000 JavaThread "jar transforms Thread 7" [_thread_blocked, id=53944, stack(0x0000000024290000,0x0000000024390000)]
  0x000000001fd7a800 JavaThread "jar transforms Thread 6" [_thread_blocked, id=15252, stack(0x0000000024190000,0x0000000024290000)]
  0x000000001fd79000 JavaThread "jar transforms Thread 5" [_thread_blocked, id=2168, stack(0x0000000024090000,0x0000000024190000)]
  0x000000001fd75800 JavaThread "jar transforms Thread 4" [_thread_blocked, id=40252, stack(0x0000000023f90000,0x0000000024090000)]
  0x000000001fd76000 JavaThread "jar transforms Thread 3" [_thread_blocked, id=12916, stack(0x0000000023e90000,0x0000000023f90000)]
  0x000000001fd78800 JavaThread "jar transforms Thread 2" [_thread_blocked, id=14284, stack(0x0000000023d90000,0x0000000023e90000)]
  0x000000001fd77800 JavaThread "Build operations Thread 8" [_thread_blocked, id=25976, stack(0x0000000023940000,0x0000000023a40000)]
  0x000000001fd77000 JavaThread "Build operations Thread 7" [_thread_blocked, id=12948, stack(0x0000000023840000,0x0000000023940000)]
  0x000000001fd6e000 JavaThread "Build operations Thread 6" [_thread_in_Java, id=36532, stack(0x0000000023740000,0x0000000023840000)]
  0x000000001fd6d000 JavaThread "Build operations Thread 5" [_thread_blocked, id=48012, stack(0x0000000023640000,0x0000000023740000)]
  0x000000001fd70000 JavaThread "Build operations Thread 4" [_thread_blocked, id=49264, stack(0x0000000023540000,0x0000000023640000)]
  0x000000001fd74000 JavaThread "Build operations Thread 3" [_thread_blocked, id=61176, stack(0x0000000023440000,0x0000000023540000)]
  0x000000001fd6f800 JavaThread "Build operations Thread 2" [_thread_in_vm, id=15272, stack(0x0000000023340000,0x0000000023440000)]
  0x000000001fd73000 JavaThread "Build operations" [_thread_blocked, id=4800, stack(0x0000000023240000,0x0000000023340000)]
  0x000000001c7b7000 JavaThread "Cache worker for file content cache (C:\Users\ÍπÄÌÉúÌò∏\.gradle\caches\6.5\fileContent)" [_thread_blocked, id=62612, stack(0x0000000022b40000,0x0000000022c40000)]
  0x000000001c7b5800 JavaThread "jar transforms" [_thread_blocked, id=26084, stack(0x0000000022a40000,0x0000000022b40000)]
  0x000000001c7b5000 JavaThread "Cache worker for execution history cache (C:\Users\ÍπÄÌÉúÌò∏\.gradle\caches\6.5\executionHistory)" [_thread_blocked, id=32100, stack(0x0000000022240000,0x0000000022340000)]
  0x000000001c7b6800 JavaThread "Cache worker for cache directory md-rule (C:\Users\ÍπÄÌÉúÌò∏\.gradle\caches\6.5\md-rule)" [_thread_blocked, id=43804, stack(0x0000000022140000,0x0000000022240000)]
  0x000000001c7b2800 JavaThread "Cache worker for cache directory md-supplier (C:\Users\ÍπÄÌÉúÌò∏\.gradle\caches\6.5\md-supplier)" [_thread_blocked, id=41232, stack(0x0000000020df0000,0x0000000020ef0000)]
  0x000000001c7b2000 JavaThread "Cache worker for checksums cache (C:\android_projects\Main_Project_two0523\.gradle\checksums)" [_thread_blocked, id=13872, stack(0x0000000020cf0000,0x0000000020df0000)]
  0x000000001c7b4000 JavaThread "Cache worker for file hash cache (C:\android_projects\Main_Project_two0523\.gradle\6.5\fileHashes)" [_thread_blocked, id=62748, stack(0x0000000022540000,0x0000000022640000)]
  0x000000001c7b8000 JavaThread "Cache worker for file hash cache (C:\Users\ÍπÄÌÉúÌò∏\.gradle\caches\6.5\fileHashes)" [_thread_blocked, id=18148, stack(0x000000001e850000,0x000000001e950000)]
  0x000000001c7b1000 JavaThread "File lock request listener" [_thread_in_native, id=32200, stack(0x000000001e750000,0x000000001e850000)]
  0x000000001c686800 JavaThread "Cache worker for journal cache (C:\Users\ÍπÄÌÉúÌò∏\.gradle\caches\journal-1)" [_thread_blocked, id=18200, stack(0x000000001e650000,0x000000001e750000)]
  0x000000001ab7e000 JavaThread "Thread-9" [_thread_blocked, id=4260, stack(0x000000001e350000,0x000000001e450000)]
  0x000000001ab7c800 JavaThread "Stdin handler" [_thread_blocked, id=5424, stack(0x000000001e250000,0x000000001e350000)]
  0x000000001ae1f800 JavaThread "Asynchronous log dispatcher for DefaultDaemonConnection: socket connection from /127.0.0.1:58742 to /127.0.0.1:58743" [_thread_blocked, id=51428, stack(0x000000001e150000,0x000000001e250000)]
  0x000000001c63a800 JavaThread "Daemon worker" [_thread_blocked, id=59656, stack(0x000000001e050000,0x000000001e150000)]
  0x000000001c574000 JavaThread "Cancel handler" [_thread_blocked, id=11156, stack(0x000000001de50000,0x000000001df50000)]
  0x000000001c58b000 JavaThread "Handler for socket connection from /127.0.0.1:58742 to /127.0.0.1:58743" [_thread_in_native, id=29428, stack(0x000000001dd50000,0x000000001de50000)]
  0x000000001c580000 JavaThread "Daemon" [_thread_blocked, id=39824, stack(0x000000001dc50000,0x000000001dd50000)]
  0x000000001c561000 JavaThread "Daemon periodic checks" [_thread_blocked, id=46084, stack(0x000000001d950000,0x000000001da50000)]
  0x000000001c5e4000 JavaThread "Incoming local TCP Connector on port 58742" [_thread_in_native, id=25392, stack(0x000000001d770000,0x000000001d870000)]
  0x000000001c4ce800 JavaThread "Daemon health stats" [_thread_blocked, id=23892, stack(0x000000001d470000,0x000000001d570000)]
  0x0000000019d66800 JavaThread "Service Thread" daemon [_thread_blocked, id=42100, stack(0x000000001a8d0000,0x000000001a9d0000)]
  0x0000000019ce6800 JavaThread "C1 CompilerThread3" daemon [_thread_in_native, id=41824, stack(0x000000001a7d0000,0x000000001a8d0000)]
=>0x0000000019c83800 JavaThread "C2 CompilerThread2" daemon [_thread_in_native, id=27420, stack(0x000000001a6d0000,0x000000001a7d0000)]
  0x0000000019c81800 JavaThread "C2 CompilerThread1" daemon [_thread_in_native, id=62468, stack(0x000000001a5d0000,0x000000001a6d0000)]
  0x0000000019c7f000 JavaThread "C2 CompilerThread0" daemon [_thread_in_native, id=47688, stack(0x000000001a4d0000,0x000000001a5d0000)]
  0x0000000019c7d000 JavaThread "Attach Listener" daemon [_thread_blocked, id=7564, stack(0x000000001a3d0000,0x000000001a4d0000)]
  0x0000000019cd7000 JavaThread "Signal Dispatcher" daemon [_thread_blocked, id=28780, stack(0x000000001a2d0000,0x000000001a3d0000)]
  0x0000000002d0e000 JavaThread "Finalizer" daemon [_thread_blocked, id=10956, stack(0x000000001a140000,0x000000001a240000)]
  0x0000000002d07000 JavaThread "Reference Handler" daemon [_thread_blocked, id=44496, stack(0x000000001a040000,0x000000001a140000)]
  0x0000000002c12800 JavaThread "main" [_thread_blocked, id=40592, stack(0x00000000027a0000,0x00000000028a0000)]

Other Threads:
  0x0000000017e46800 VMThread [stack: 0x0000000019b40000,0x0000000019c40000] [id=57984]
  0x0000000019d67000 WatcherThread [stack: 0x000000001a9d0000,0x000000001aad0000] [id=53380]

VM state:not at safepoint (normal execution)

VM Mutex/Monitor currently owned by a thread: None

OutOfMemory and StackOverflow Exception counts:
OutOfMemoryError java_heap_errors=5

heap address: 0x0000000080000000, size: 2048 MB, Compressed Oops mode: 32-bit
Narrow klass base: 0x0000000000000000, Narrow klass shift: 3
Compressed class space size: 1073741824 Address: 0x0000000100000000

Heap:
 PSYoungGen      total 254976K, used 30654K [0x00000000d5580000, 0x00000000ea280000, 0x0000000100000000)
  eden space 231424K, 13% used [0x00000000d5580000,0x00000000d736fac8,0x00000000e3780000)
  from space 23552K, 0% used [0x00000000e8b80000,0x00000000e8b80000,0x00000000ea280000)
  to   space 20480K, 0% used [0x00000000e3780000,0x00000000e3780000,0x00000000e4b80000)
 ParOldGen       total 104448K, used 55855K [0x0000000080000000, 0x0000000086600000, 0x00000000d5580000)
  object space 104448K, 53% used [0x0000000080000000,0x000000008368bf40,0x0000000086600000)
 Metaspace       used 74831K, capacity 78350K, committed 79448K, reserved 1120256K
  class space    used 10385K, capacity 11126K, committed 11392K, reserved 1048576K

Card table byte_map: [0x00000000121a0000,0x00000000125b0000] byte_map_base: 0x0000000011da0000

Marking Bits: (ParMarkBitMap*) 0x000000006344f030
 Begin Bits: [0x0000000013060000, 0x0000000015060000)
 End Bits:   [0x0000000015060000, 0x0000000017060000)

Polling page: 0x00000000028a0000

CodeCache: size=245760Kb used=25780Kb max_used=25791Kb free=219979Kb
 bounds [0x0000000002de0000, 0x0000000004730000, 0x0000000011de0000]
 total_blobs=9254 nmethods=8438 adapters=728
 compilation: enabled

Compilation events (10 events):
Event: 13.515 Thread 0x0000000019ce6800 nmethod 9513 0x00000000046fdb50 code [0x00000000046fdca0, 0x00000000046fde10]
Event: 13.515 Thread 0x0000000019ce6800 9505       3       com.android.tools.r8.s.b.q1::f (42 bytes)
Event: 13.515 Thread 0x0000000019ce6800 nmethod 9505 0x00000000046fd510 code [0x00000000046fd6a0, 0x00000000046fd9c8]
Event: 13.515 Thread 0x0000000019ce6800 9512       3       com.android.tools.r8.ir.optimize.l$$Lambda$1026/1337395430::get$Lambda (12 bytes)
Event: 13.516 Thread 0x0000000019ce6800 nmethod 9512 0x00000000046fcfd0 code [0x00000000046fd140, 0x00000000046fd3d0]
Event: 13.516 Thread 0x0000000019ce6800 9514       3       com.android.tools.r8.q.a.a.b.W::a (11 bytes)
Event: 13.516 Thread 0x0000000019ce6800 nmethod 9514 0x00000000046f7d50 code [0x00000000046f7ec0, 0x00000000046f80e8]
Event: 13.516 Thread 0x0000000019ce6800 9480       3       java.util.Collections$SetFromMap::forEach (11 bytes)
Event: 13.516 Thread 0x0000000019ce6800 nmethod 9480 0x00000000046f7910 code [0x00000000046f7a80, 0x00000000046f7ca8]
Event: 13.516 Thread 0x0000000019ce6800 9481       3       com.android.tools.r8.ir.regalloc.a$$Lambda$1056/1806751325::get$Lambda (10 bytes)

GC Heap History (10 events):
Event: 8.113 GC heap before
{Heap before GC invocations=14 (full 2):
 PSYoungGen      total 197120K, used 33019K [0x00000000d5580000, 0x00000000e5f00000, 0x0000000100000000)
  eden space 183808K, 10% used [0x00000000d5580000,0x00000000d68c5d60,0x00000000e0900000)
  from space 13312K, 99% used [0x00000000e0900000,0x00000000e15f8f38,0x00000000e1600000)
  to   space 19968K, 0% used [0x00000000e4b80000,0x00000000e4b80000,0x00000000e5f00000)
 ParOldGen       total 70144K, used 31966K [0x0000000080000000, 0x0000000084480000, 0x00000000d5580000)
  object space 70144K, 45% used [0x0000000080000000,0x0000000081f37888,0x0000000084480000)
 Metaspace       used 56447K, capacity 58828K, committed 58968K, reserved 1099776K
  class space    used 7725K, capacity 8211K, committed 8320K, reserved 1048576K
Event: 8.122 GC heap after
Heap after GC invocations=14 (full 2):
 PSYoungGen      total 251392K, used 1504K [0x00000000d5580000, 0x00000000e7200000, 0x0000000100000000)
  eden space 231424K, 0% used [0x00000000d5580000,0x00000000d5580000,0x00000000e3780000)
  from space 19968K, 7% used [0x00000000e4b80000,0x00000000e4cf8000,0x00000000e5f00000)
  to   space 20480K, 0% used [0x00000000e3780000,0x00000000e3780000,0x00000000e4b80000)
 ParOldGen       total 70144K, used 43009K [0x0000000080000000, 0x0000000084480000, 0x00000000d5580000)
  object space 70144K, 61% used [0x0000000080000000,0x0000000082a004a8,0x0000000084480000)
 Metaspace       used 56447K, capacity 58828K, committed 58968K, reserved 1099776K
  class space    used 7725K, capacity 8211K, committed 8320K, reserved 1048576K
}
Event: 8.122 GC heap before
{Heap before GC invocations=15 (full 3):
 PSYoungGen      total 251392K, used 1504K [0x00000000d5580000, 0x00000000e7200000, 0x0000000100000000)
  eden space 231424K, 0% used [0x00000000d5580000,0x00000000d5580000,0x00000000e3780000)
  from space 19968K, 7% used [0x00000000e4b80000,0x00000000e4cf8000,0x00000000e5f00000)
  to   space 20480K, 0% used [0x00000000e3780000,0x00000000e3780000,0x00000000e4b80000)
 ParOldGen       total 70144K, used 43009K [0x0000000080000000, 0x0000000084480000, 0x00000000d5580000)
  object space 70144K, 61% used [0x0000000080000000,0x0000000082a004a8,0x0000000084480000)
 Metaspace       used 56447K, capacity 58828K, committed 58968K, reserved 1099776K
  class space    used 7725K, capacity 8211K, committed 8320K, reserved 1048576K
Event: 8.309 GC heap after
Heap after GC invocations=15 (full 3):
 PSYoungGen      total 251392K, used 0K [0x00000000d5580000, 0x00000000e7200000, 0x0000000100000000)
  eden space 231424K, 0% used [0x00000000d5580000,0x00000000d5580000,0x00000000e3780000)
  from space 19968K, 0% used [0x00000000e4b80000,0x00000000e4b80000,0x00000000e5f00000)
  to   space 20480K, 0% used [0x00000000e3780000,0x00000000e3780000,0x00000000e4b80000)
 ParOldGen       total 104448K, used 30028K [0x0000000080000000, 0x0000000086600000, 0x00000000d5580000)
  object space 104448K, 28% used [0x0000000080000000,0x0000000081d531f8,0x0000000086600000)
 Metaspace       used 56412K, capacity 58708K, committed 58968K, reserved 1099776K
  class space    used 7714K, capacity 8191K, committed 8320K, reserved 1048576K
}
Event: 11.010 GC heap before
{Heap before GC invocations=16 (full 3):
 PSYoungGen      total 251392K, used 231424K [0x00000000d5580000, 0x00000000e7200000, 0x0000000100000000)
  eden space 231424K, 100% used [0x00000000d5580000,0x00000000e3780000,0x00000000e3780000)
  from space 19968K, 0% used [0x00000000e4b80000,0x00000000e4b80000,0x00000000e5f00000)
  to   space 20480K, 0% used [0x00000000e3780000,0x00000000e3780000,0x00000000e4b80000)
 ParOldGen       total 104448K, used 30028K [0x0000000080000000, 0x0000000086600000, 0x00000000d5580000)
  object space 104448K, 28% used [0x0000000080000000,0x0000000081d531f8,0x0000000086600000)
 Metaspace       used 66270K, capacity 69382K, committed 69720K, reserved 1110016K
  class space    used 9128K, capacity 9742K, committed 9856K, reserved 1048576K
Event: 11.039 GC heap after
Heap after GC invocations=16 (full 3):
 PSYoungGen      total 251904K, used 20343K [0x00000000d5580000, 0x00000000ea280000, 0x0000000100000000)
  eden space 231424K, 0% used [0x00000000d5580000,0x00000000d5580000,0x00000000e3780000)
  from space 20480K, 99% used [0x00000000e3780000,0x00000000e4b5dd18,0x00000000e4b80000)
  to   space 23552K, 0% used [0x00000000e8b80000,0x00000000e8b80000,0x00000000ea280000)
 ParOldGen       total 104448K, used 30036K [0x0000000080000000, 0x0000000086600000, 0x00000000d5580000)
  object space 104448K, 28% used [0x0000000080000000,0x0000000081d551f8,0x0000000086600000)
 Metaspace       used 66270K, capacity 69382K, committed 69720K, reserved 1110016K
  class space    used 9128K, capacity 9742K, committed 9856K, reserved 1048576K
}
Event: 12.775 GC heap before
{Heap before GC invocations=17 (full 3):
 PSYoungGen      total 251904K, used 143918K [0x00000000d5580000, 0x00000000ea280000, 0x0000000100000000)
  eden space 231424K, 53% used [0x00000000d5580000,0x00000000dce2dae8,0x00000000e3780000)
  from space 20480K, 99% used [0x00000000e3780000,0x00000000e4b5dd18,0x00000000e4b80000)
  to   space 23552K, 0% used [0x00000000e8b80000,0x00000000e8b80000,0x00000000ea280000)
 ParOldGen       total 104448K, used 30036K [0x0000000080000000, 0x0000000086600000, 0x00000000d5580000)
  object space 104448K, 28% used [0x0000000080000000,0x0000000081d551f8,0x0000000086600000)
 Metaspace       used 74402K, capacity 78582K, committed 78808K, reserved 1120256K
  class space    used 10436K, capacity 11264K, committed 11264K, reserved 1048576K
Event: 12.802 GC heap after
Heap after GC invocations=17 (full 3):
 PSYoungGen      total 254976K, used 23547K [0x00000000d5580000, 0x00000000ea280000, 0x0000000100000000)
  eden space 231424K, 0% used [0x00000000d5580000,0x00000000d5580000,0x00000000e3780000)
  from space 23552K, 99% used [0x00000000e8b80000,0x00000000ea27ef60,0x00000000ea280000)
  to   space 20480K, 0% used [0x00000000e3780000,0x00000000e3780000,0x00000000e4b80000)
 ParOldGen       total 104448K, used 34340K [0x0000000080000000, 0x0000000086600000, 0x00000000d5580000)
  object space 104448K, 32% used [0x0000000080000000,0x0000000082189080,0x0000000086600000)
 Metaspace       used 74402K, capacity 78582K, committed 78808K, reserved 1120256K
  class space    used 10436K, capacity 11264K, committed 11264K, reserved 1048576K
}
Event: 12.802 GC heap before
{Heap before GC invocations=18 (full 4):
 PSYoungGen      total 254976K, used 23547K [0x00000000d5580000, 0x00000000ea280000, 0x0000000100000000)
  eden space 231424K, 0% used [0x00000000d5580000,0x00000000d5580000,0x00000000e3780000)
  from space 23552K, 99% used [0x00000000e8b80000,0x00000000ea27ef60,0x00000000ea280000)
  to   space 20480K, 0% used [0x00000000e3780000,0x00000000e3780000,0x00000000e4b80000)
 ParOldGen       total 104448K, used 34340K [0x0000000080000000, 0x0000000086600000, 0x00000000d5580000)
  object space 104448K, 32% used [0x0000000080000000,0x0000000082189080,0x0000000086600000)
 Metaspace       used 74402K, capacity 78582K, committed 78808K, reserved 1120256K
  class space    used 10436K, capacity 11264K, committed 11264K, reserved 1048576K
Event: 13.134 GC heap after
Heap after GC invocations=18 (full 4):
 PSYoungGen      total 254976K, used 0K [0x00000000d5580000, 0x00000000ea280000, 0x0000000100000000)
  eden space 231424K, 0% used [0x00000000d5580000,0x00000000d5580000,0x00000000e3780000)
  from space 23552K, 0% used [0x00000000e8b80000,0x00000000e8b80000,0x00000000ea280000)
  to   space 20480K, 0% used [0x00000000e3780000,0x00000000e3780000,0x00000000e4b80000)
 ParOldGen       total 104448K, used 55855K [0x0000000080000000, 0x0000000086600000, 0x00000000d5580000)
  object space 104448K, 53% used [0x0000000080000000,0x000000008368bf40,0x0000000086600000)
 Metaspace       used 73990K, capacity 77544K, committed 78808K, reserved 1120256K
  class space    used 10292K, capacity 11009K, committed 11264K, reserved 1048576K
}

Deoptimization events (10 events):
Event: 12.696 Thread 0x000000001fd6f800 Uncommon trap: reason=bimorphic action=maybe_recompile pc=0x0000000003c4f984 method=java.util.Objects.equals(Ljava/lang/Object;Ljava/lang/Object;)Z @ 11
Event: 12.696 Thread 0x000000001fd6f800 Uncommon trap: reason=bimorphic action=maybe_recompile pc=0x0000000003c4f984 method=java.util.Objects.equals(Ljava/lang/Object;Ljava/lang/Object;)Z @ 11
Event: 12.697 Thread 0x000000001fd6f800 Uncommon trap: reason=bimorphic action=maybe_recompile pc=0x0000000003c4f984 method=java.util.Objects.equals(Ljava/lang/Object;Ljava/lang/Object;)Z @ 11
Event: 12.727 Thread 0x000000001fd6f800 Uncommon trap: reason=unstable_if action=reinterpret pc=0x0000000003f0f58c method=java.util.HashMap$HashIterator.<init>(Ljava/util/HashMap;)V @ 45
Event: 12.761 Thread 0x000000001fd6f800 Uncommon trap: reason=unstable_if action=reinterpret pc=0x000000000438cac4 method=java.util.HashMap.computeIfAbsent(Ljava/lang/Object;Ljava/util/function/Function;)Ljava/lang/Object; @ 145
Event: 13.153 Thread 0x000000001fd6f800 Uncommon trap: reason=unstable_if action=reinterpret pc=0x0000000003aac690 method=java.util.TreeMap.put(Ljava/lang/Object;Ljava/lang/Object;)Ljava/lang/Object; @ 163
Event: 13.157 Thread 0x000000001c561000 Uncommon trap: reason=speculate_class_check action=maybe_recompile pc=0x0000000004575edc method=java.util.AbstractList.listIterator()Ljava/util/ListIterator; @ 2
Event: 13.385 Thread 0x000000001fd6f800 Uncommon trap: reason=unstable_if action=reinterpret pc=0x00000000037dc190 method=java.util.HashMap.getNode(ILjava/lang/Object;)Ljava/util/HashMap$Node; @ 84
Event: 13.468 Thread 0x000000001fd6e000 Uncommon trap: reason=unstable_if action=reinterpret pc=0x000000000444dd7c method=com.android.tools.r8.graph.i0.a([C)I @ 44
Event: 13.497 Thread 0x000000001fd6f800 Uncommon trap: reason=unstable_if action=reinterpret pc=0x000000000468fd10 method=com.android.tools.r8.ir.conversion.o.b(Lcom/android/tools/r8/p/n/A;)Z @ 18

Classes redefined (0 events):
No events

Internal exceptions (10 events):
Event: 11.803 Thread 0x000000001fd70000 Exception <a 'java/lang/OutOfMemoryError'> (0x00000000d9bf07e0) thrown at [C:\src\AOSP-openjdk-git\hotspot\src\share\vm\prims\jni.cpp, line 737]
Event: 11.803 Thread 0x000000001fd74000 Exception <a 'java/lang/OutOfMemoryError'> (0x00000000d9c1d4e0) thrown at [C:\src\AOSP-openjdk-git\hotspot\src\share\vm\prims\jni.cpp, line 737]
Event: 11.819 Thread 0x000000001fd6e000 Exception <a 'sun/nio/fs/WindowsException'> (0x00000000d9a46cc8) thrown at [C:\src\AOSP-openjdk-git\hotspot\src\share\vm\prims\jni.cpp, line 710]
Event: 11.872 Thread 0x000000001fd6f800 Exception <a 'sun/nio/fs/WindowsException'> (0x00000000da3de690) thrown at [C:\src\AOSP-openjdk-git\hotspot\src\share\vm\prims\jni.cpp, line 710]
Event: 12.183 Thread 0x000000001fd6e000 Exception <a 'java/lang/IncompatibleClassChangeError': Found class java.lang.Object, but interface was expected> (0x00000000db233ae0) thrown at [C:\src\AOSP-openjdk-git\hotspot\src\share\vm\interpreter\linkResolver.cpp, line 653]
Event: 12.604 Thread 0x000000001fd6f800 Exception <a 'java/lang/NoSuchMethodError': java.lang.Object.lambda$comparingInt$7b0bb60$1(Ljava/util/function/ToIntFunction;Ljava/lang/Object;Ljava/lang/Object;)I> (0x00000000dc61eff8) thrown at [C:\src\AOSP-openjdk-git\hotspot\src\share\vm\interpreter\l
Event: 12.604 Thread 0x000000001fd6e000 Exception <a 'java/lang/NoSuchMethodError': java.lang.Object.lambda$comparingInt$7b0bb60$1(Ljava/util/function/ToIntFunction;Ljava/lang/Object;Ljava/lang/Object;)I> (0x00000000dc570ef8) thrown at [C:\src\AOSP-openjdk-git\hotspot\src\share\vm\interpreter\l
Event: 12.605 Thread 0x000000001fd6f800 Exception <a 'java/lang/NoSuchMethodError': java.lang.Object.lambda$maxBy$1(Ljava/util/Comparator;Ljava/lang/Object;Ljava/lang/Object;)Ljava/lang/Object;> (0x00000000dc623948) thrown at [C:\src\AOSP-openjdk-git\hotspot\src\share\vm\interpreter\linkResolve
Event: 12.605 Thread 0x000000001fd6e000 Exception <a 'java/lang/NoSuchMethodError': java.lang.Object.lambda$maxBy$1(Ljava/util/Comparator;Ljava/lang/Object;Ljava/lang/Object;)Ljava/lang/Object;> (0x00000000dc64e858) thrown at [C:\src\AOSP-openjdk-git\hotspot\src\share\vm\interpreter\linkResolve
Event: 12.669 Thread 0x000000001fd6f800 Exception <a 'java/lang/NoSuchMethodError': java.lang.Object.b(Lcom/android/tools/r8/graph/p1$b;)Lcom/android/tools/r8/graph/p1$b;> (0x00000000dc8a19a0) thrown at [C:\src\AOSP-openjdk-git\hotspot\src\share\vm\interpreter\linkResolver.cpp, line 620]

Events (10 events):
Event: 13.514 loading class com/android/tools/r8/q/a/a/a/J
Event: 13.514 loading class com/android/tools/r8/q/a/a/a/J done
Event: 13.515 loading class com/android/tools/r8/s/a/i/a
Event: 13.515 loading class com/android/tools/r8/s/a/i/a done
Event: 13.515 loading class com/android/tools/r8/q/a/a/a/J
Event: 13.515 loading class com/android/tools/r8/q/a/a/a/J done
Event: 13.516 loading class com/android/tools/r8/utils/l0
Event: 13.516 loading class com/android/tools/r8/utils/l0 done
Event: 13.516 loading class com/android/tools/r8/ir/optimize/l$f
Event: 13.516 loading class com/android/tools/r8/ir/optimize/l$f done


Dynamic libraries:
0x00007ff61f4a0000 - 0x00007ff61f4d1000 	C:\Program Files\Android\Android Studio1\jre\bin\java.exe
0x00007ffaffe50000 - 0x00007ffb00045000 	C:\WINDOWS\SYSTEM32\ntdll.dll
0x00007ffafe640000 - 0x00007ffafe6fd000 	C:\WINDOWS\System32\KERNEL32.DLL
0x00007ffafda80000 - 0x00007ffafdd48000 	C:\WINDOWS\System32\KERNELBASE.dll
0x00007ffafefe0000 - 0x00007ffaff08c000 	C:\WINDOWS\System32\ADVAPI32.dll
0x00007ffafe570000 - 0x00007ffafe60e000 	C:\WINDOWS\System32\msvcrt.dll
0x00007ffaff430000 - 0x00007ffaff4cb000 	C:\WINDOWS\System32\sechost.dll
0x00007ffafe440000 - 0x00007ffafe56b000 	C:\WINDOWS\System32\RPCRT4.dll
0x00007ffaff4d0000 - 0x00007ffaff670000 	C:\WINDOWS\System32\USER32.dll
0x00007ffafd7e0000 - 0x00007ffafd802000 	C:\WINDOWS\System32\win32u.dll
0x00007ffafe610000 - 0x00007ffafe63a000 	C:\WINDOWS\System32\GDI32.dll
0x00007ffafd870000 - 0x00007ffafd97b000 	C:\WINDOWS\System32\gdi32full.dll
0x00007ffafd590000 - 0x00007ffafd62d000 	C:\WINDOWS\System32\msvcp_win.dll
0x00007ffafd980000 - 0x00007ffafda80000 	C:\WINDOWS\System32\ucrtbase.dll
0x00007ffad8fe0000 - 0x00007ffad927a000 	C:\WINDOWS\WinSxS\amd64_microsoft.windows.common-controls_6595b64144ccf1df_6.0.19041.844_none_ca00b6081b84eb1d\COMCTL32.dll
0x00007ffaff130000 - 0x00007ffaff160000 	C:\WINDOWS\System32\IMM32.DLL
0x000000005b6b0000 - 0x000000005b782000 	C:\Program Files\Android\Android Studio1\jre\jre\bin\msvcr100.dll
0x0000000062c80000 - 0x00000000634cb000 	C:\Program Files\Android\Android Studio1\jre\jre\bin\server\jvm.dll
0x00007ffaff2f0000 - 0x00007ffaff2f8000 	C:\WINDOWS\System32\PSAPI.DLL
0x00007ffae81d0000 - 0x00007ffae81f7000 	C:\WINDOWS\SYSTEM32\WINMM.dll
0x00007ffaf08b0000 - 0x00007ffaf08ba000 	C:\WINDOWS\SYSTEM32\VERSION.dll
0x00007ffad9320000 - 0x00007ffad9329000 	C:\WINDOWS\SYSTEM32\WSOCK32.dll
0x00007ffafe320000 - 0x00007ffafe38b000 	C:\WINDOWS\System32\WS2_32.dll
0x00007ffaf3df0000 - 0x00007ffaf3dff000 	C:\Program Files\Android\Android Studio1\jre\jre\bin\verify.dll
0x00007ffaf3dc0000 - 0x00007ffaf3de9000 	C:\Program Files\Android\Android Studio1\jre\jre\bin\java.dll
0x00007ffaf3cd0000 - 0x00007ffaf3ce6000 	C:\Program Files\Android\Android Studio1\jre\jre\bin\zip.dll
0x00007ffafe760000 - 0x00007ffafeea2000 	C:\WINDOWS\System32\SHELL32.dll
0x00007ffafb240000 - 0x00007ffafb9d0000 	C:\WINDOWS\SYSTEM32\windows.storage.dll
0x00007ffaff820000 - 0x00007ffaffb75000 	C:\WINDOWS\System32\combase.dll
0x00007ffafd000000 - 0x00007ffafd02c000 	C:\WINDOWS\SYSTEM32\Wldp.dll
0x00007ffaff710000 - 0x00007ffaff7be000 	C:\WINDOWS\System32\SHCORE.dll
0x00007ffafe700000 - 0x00007ffafe755000 	C:\WINDOWS\System32\shlwapi.dll
0x00007ffafd4d0000 - 0x00007ffafd4ef000 	C:\WINDOWS\SYSTEM32\profapi.dll
0x00007ffaef710000 - 0x00007ffaef72a000 	C:\Program Files\Android\Android Studio1\jre\jre\bin\net.dll
0x00007ffafcd70000 - 0x00007ffafcdda000 	C:\WINDOWS\system32\mswsock.dll
0x00007ffaef6b0000 - 0x00007ffaef6c3000 	C:\Program Files\Android\Android Studio1\jre\jre\bin\nio.dll
0x00007ffae21a0000 - 0x00007ffae21c7000 	C:\Users\±Ë≈¬»£\.gradle\native\f6784746aeab05261644944871eae4fe03e0ef1612fff0a4a95f87b438bc6780\windows-amd64\native-platform.dll
0x00007ffaf3db0000 - 0x00007ffaf3dbd000 	C:\Program Files\Android\Android Studio1\jre\jre\bin\management.dll
0x00007ffafcf40000 - 0x00007ffafcf58000 	C:\WINDOWS\SYSTEM32\CRYPTSP.dll
0x00007ffafc6a0000 - 0x00007ffafc6d4000 	C:\WINDOWS\system32\rsaenh.dll
0x00007ffafd7b0000 - 0x00007ffafd7d7000 	C:\WINDOWS\System32\bcrypt.dll
0x00007ffafd450000 - 0x00007ffafd47e000 	C:\WINDOWS\SYSTEM32\USERENV.dll
0x00007ffafd630000 - 0x00007ffafd6b0000 	C:\WINDOWS\System32\bcryptprimitives.dll
0x00007ffafcf60000 - 0x00007ffafcf6c000 	C:\WINDOWS\SYSTEM32\CRYPTBASE.dll
0x00007ffafca10000 - 0x00007ffafca4b000 	C:\WINDOWS\SYSTEM32\IPHLPAPI.DLL
0x00007ffaff280000 - 0x00007ffaff288000 	C:\WINDOWS\System32\NSI.dll
0x00007ffaf3530000 - 0x00007ffaf3547000 	C:\WINDOWS\SYSTEM32\dhcpcsvc6.DLL
0x00007ffaf3510000 - 0x00007ffaf352d000 	C:\WINDOWS\SYSTEM32\dhcpcsvc.DLL
0x00007ffafca50000 - 0x00007ffafcb1c000 	C:\WINDOWS\SYSTEM32\DNSAPI.dll
0x00007ffaf4990000 - 0x00007ffaf499b000 	C:\WINDOWS\SYSTEM32\WINNSI.DLL

VM Arguments:
jvm_args: -Xmx2048m -Dfile.encoding=UTF-8 -Duser.country=KR -Duser.language=ko -Duser.variant 
java_command: org.gradle.launcher.daemon.bootstrap.GradleDaemon 6.5
java_class_path (initial): C:\Users\±Ë≈¬»£\.gradle\wrapper\dists\gradle-6.5-all\2oz4ud9k3tuxjg84bbf55q0tn\gradle-6.5\lib\gradle-launcher-6.5.jar
Launcher Type: SUN_STANDARD

Environment Variables:
JAVA_HOME=C:\Program Files\Java\jdk-14.0.2
CLASSPATH=C:\Program Files\Java\jdk-14.0.2\lib;.;
PATH=C:\Program Files (x86)\Razer\ChromaBroadcast\bin;C:\Program Files\Razer\ChromaBroadcast\bin;C:\Users\±Ë≈¬»£\AppData\Local\Programs\Python\Python38\Scripts\pip.py;C:\Users\±Ë≈¬»£\AppData\Local\Microsoft\WindowsApps;C:\Users\±Ë≈¬»£\AppData\Local\GitHubDesktop\bin;C:\Users\±Ë≈¬»£\AppData\Local\Programs\Microsoft VS Code\bin;C:\Program Files\Java\jdk-14.0.2\bin\;C:\winutils-master\hadoop-3.0.0\bin;C:\Users\±Ë≈¬»£\AppData\Local\Programs\Python\Python38\Scripts;C:\WINDOWS\system32;C:\WINDOWS;C:\WINDOWS\System32\Wbem;C:\WINDOWS\System32\WindowsPowerShell\v1.0\;C:\WINDOWS\System32\OpenSSH\;C:\Users\±Ë≈¬»£\AppData\Local\Programs\Python\Python38;C:\spark-3.0.0-bin-hadoop2.7\bin;C:\MinGW\bin;C:\WINDOWS\system32\config\systemprofile\AppData\Local\Microsoft\WindowsApps;C:\SDK\platform-tools;C:\SDK\tools;C:\SDK\android-ndk-r21e-windows-x86_64\android-ndk-r21e;C:\WINDOWS\system32;C:\WINDOWS;C:\WINDOWS\System32\Wbem;C:\WINDOWS\System32\WindowsPowerShell\v1.0\;C:\WINDOWS\System32\OpenSSH\;C:\Program Files\MariaDB 10.5\bin;C:\MinGW\bin;C:\Program Files\dotnet\;C:\Program Files\MySQL\MySQL Shell 8.0\bin\;C:\Users\±Ë≈¬»£\AppData\Local\Microsoft\WindowsApps;C:\Users\±Ë≈¬»£\AppData\Local\Programs\Microsoft VS Code\bin;C:\Users\±Ë≈¬»£\AppData\Local\Microsoft\WindowsApps
USERNAME=±Ë≈¬»£
OS=Windows_NT
PROCESSOR_IDENTIFIER=Intel64 Family 6 Model 142 Stepping 11, GenuineIntel



---------------  S Y S T E M  ---------------

OS: Windows 10.0 , 64 bit Build 19041 (10.0.19041.928)

CPU:total 8 (initial active 8) (4 cores per cpu, 2 threads per core) family 6 model 142 stepping 11, cmov, cx8, fxsr, mmx, sse, sse2, sse3, ssse3, sse4.1, sse4.2, popcnt, avx, avx2, aes, clmul, erms, 3dnowpref, lzcnt, ht, tsc, tscinvbit, bmi1, bmi2, adx

Memory: 4k page, physical 8241144k(585592k free), swap 33406968k(8k free)

vm_info: OpenJDK 64-Bit Server VM (25.242-b01) for windows-amd64 JRE (1.8.0_242-release-1644-b01), built by "builder" with MS VC++ 10.0 (VS2010)

time: Fri Jun 04 01:02:25 2021
timezone: ¥Î«—πŒ±π «•¡ÿΩ√
elapsed time: 13 seconds (0d 0h 0m 13s)

